Submitting job: /common/home/users/d/dh.huang.2023/code/cs701/train.sh
Current Directory:
/common/home/users/d/dh.huang.2023/code/cs701
Fri Oct 20 08:45:30 2023       
+---------------------------------------------------------------------------------------+
| NVIDIA-SMI 535.104.05             Driver Version: 535.104.05   CUDA Version: 12.2     |
|-----------------------------------------+----------------------+----------------------+
| GPU  Name                 Persistence-M | Bus-Id        Disp.A | Volatile Uncorr. ECC |
| Fan  Temp   Perf          Pwr:Usage/Cap |         Memory-Usage | GPU-Util  Compute M. |
|                                         |                      |               MIG M. |
|=========================================+======================+======================|
|   0  NVIDIA L40                     On  | 00000000:C1:00.0 Off |                    0 |
| N/A   35C    P8              34W / 300W |      4MiB / 46068MiB |      0%      Default |
|                                         |                      |                  N/A |
+-----------------------------------------+----------------------+----------------------+
                                                                                         
+---------------------------------------------------------------------------------------+
| Processes:                                                                            |
|  GPU   GI   CI        PID   Type   Process name                            GPU Memory |
|        ID   ID                                                             Usage      |
|=======================================================================================|
|  No running processes found                                                           |
+---------------------------------------------------------------------------------------+
Linux lagoon 4.18.0-477.21.1.el8_8.x86_64 #1 SMP Tue Aug 8 21:30:09 UTC 2023 x86_64 x86_64 x86_64 GNU/Linux
NAME="Rocky Linux"
VERSION="8.8 (Green Obsidian)"
ID="rocky"
ID_LIKE="rhel centos fedora"
VERSION_ID="8.8"
PLATFORM_ID="platform:el8"
PRETTY_NAME="Rocky Linux 8.8 (Green Obsidian)"
ANSI_COLOR="0;32"
LOGO="fedora-logo-icon"
CPE_NAME="cpe:/o:rocky:rocky:8:GA"
HOME_URL="https://rockylinux.org/"
BUG_REPORT_URL="https://bugs.rockylinux.org/"
SUPPORT_END="2029-05-31"
ROCKY_SUPPORT_PRODUCT="Rocky-Linux-8"
ROCKY_SUPPORT_PRODUCT_VERSION="8.8"
REDHAT_SUPPORT_PRODUCT="Rocky Linux"
REDHAT_SUPPORT_PRODUCT_VERSION="8.8"
Architecture:        x86_64
CPU op-mode(s):      32-bit, 64-bit
Byte Order:          Little Endian
CPU(s):              128
On-line CPU(s) list: 0-127
Thread(s) per core:  2
Core(s) per socket:  64
Socket(s):           1
NUMA node(s):        1
Vendor ID:           AuthenticAMD
CPU family:          25
Model:               1
Model name:          AMD EPYC 7763 64-Core Processor
Stepping:            1
CPU MHz:             2450.000
CPU max MHz:         3529.0520
CPU min MHz:         1500.0000
BogoMIPS:            4890.71
Virtualization:      AMD-V
L1d cache:           32K
L1i cache:           32K
L2 cache:            512K
L3 cache:            32768K
NUMA node0 CPU(s):   0-127
Flags:               fpu vme de pse tsc msr pae mce cx8 apic sep mtrr pge mca cmov pat pse36 clflush mmx fxsr sse sse2 ht syscall nx mmxext fxsr_opt pdpe1gb rdtscp lm constant_tsc rep_good nopl nonstop_tsc cpuid extd_apicid aperfmperf pni pclmulqdq monitor ssse3 fma cx16 pcid sse4_1 sse4_2 movbe popcnt aes xsave avx f16c rdrand lahf_lm cmp_legacy svm extapic cr8_legacy abm sse4a misalignsse 3dnowprefetch osvw ibs skinit wdt tce topoext perfctr_core perfctr_nb bpext perfctr_llc mwaitx cpb cat_l3 cdp_l3 invpcid_single hw_pstate ssbd mba ibrs ibpb stibp vmmcall fsgsbase bmi1 avx2 smep bmi2 erms invpcid cqm rdt_a rdseed adx smap clflushopt clwb sha_ni xsaveopt xsavec xgetbv1 xsaves cqm_llc cqm_occup_llc cqm_mbm_total cqm_mbm_local clzero irperf xsaveerptr wbnoinvd amd_ppin brs arat npt lbrv svm_lock nrip_save tsc_scale vmcb_clean flushbyasid decodeassists pausefilter pfthreshold v_vmsave_vmload vgif v_spec_ctrl umip pku ospke vaes vpclmulqdq rdpid overflow_recov succor smca fsrm
MemTotal:       527671624 kB
device:  cuda
classes:  90 
epochs:  50 
batch:  32 
phase:  9 
checkpoint:  34
loaded checkpoint: /common2/dh.huang.2023/code/cs701/data/checkpoints_phase_8/checkpoint-034.pth
Starting epoch 1
epoch: 1 train: loss:3.918
epoch: 1 test: weighted f1 0.764
saved checkpoint: /common2/dh.huang.2023/code/cs701/data/checkpoints_phase_9/checkpoint-001.pth
Starting epoch 2
epoch: 2 train: loss:3.804
epoch: 2 test: weighted f1 0.766
saved checkpoint: /common2/dh.huang.2023/code/cs701/data/checkpoints_phase_9/checkpoint-002.pth
Starting epoch 3
epoch: 3 train: loss:3.743
epoch: 3 test: weighted f1 0.752
saved checkpoint: /common2/dh.huang.2023/code/cs701/data/checkpoints_phase_9/checkpoint-003.pth
Starting epoch 4
epoch: 4 train: loss:3.703
epoch: 4 test: weighted f1 0.795
saved checkpoint: /common2/dh.huang.2023/code/cs701/data/checkpoints_phase_9/checkpoint-004.pth
Starting epoch 5
epoch: 5 train: loss:3.675
epoch: 5 test: weighted f1 0.815
saved checkpoint: /common2/dh.huang.2023/code/cs701/data/checkpoints_phase_9/checkpoint-005.pth
Starting epoch 6
epoch: 6 train: loss:3.654
epoch: 6 test: weighted f1 0.837
saved checkpoint: /common2/dh.huang.2023/code/cs701/data/checkpoints_phase_9/checkpoint-006.pth
Starting epoch 7
epoch: 7 train: loss:3.638
epoch: 7 test: weighted f1 0.878
saved checkpoint: /common2/dh.huang.2023/code/cs701/data/checkpoints_phase_9/checkpoint-007.pth
Starting epoch 8
epoch: 8 train: loss:3.626
epoch: 8 test: weighted f1 0.875
saved checkpoint: /common2/dh.huang.2023/code/cs701/data/checkpoints_phase_9/checkpoint-008.pth
Starting epoch 9
epoch: 9 train: loss:3.616
epoch: 9 test: weighted f1 0.884
saved checkpoint: /common2/dh.huang.2023/code/cs701/data/checkpoints_phase_9/checkpoint-009.pth
Starting epoch 10
epoch:10 train: loss:3.607
epoch:10 test: weighted f1 0.885
saved checkpoint: /common2/dh.huang.2023/code/cs701/data/checkpoints_phase_9/checkpoint-010.pth
Starting epoch 11
epoch:11 train: loss:3.600
epoch:11 test: weighted f1 0.903
saved checkpoint: /common2/dh.huang.2023/code/cs701/data/checkpoints_phase_9/checkpoint-011.pth
Starting epoch 12
epoch:12 train: loss:3.594
epoch:12 test: weighted f1 0.910
saved checkpoint: /common2/dh.huang.2023/code/cs701/data/checkpoints_phase_9/checkpoint-012.pth
Starting epoch 13
epoch:13 train: loss:3.589
epoch:13 test: weighted f1 0.921
saved checkpoint: /common2/dh.huang.2023/code/cs701/data/checkpoints_phase_9/checkpoint-013.pth
Starting epoch 14
epoch:14 train: loss:3.584
epoch:14 test: weighted f1 0.916
saved checkpoint: /common2/dh.huang.2023/code/cs701/data/checkpoints_phase_9/checkpoint-014.pth
Starting epoch 15
epoch:15 train: loss:3.580
epoch:15 test: weighted f1 0.916
saved checkpoint: /common2/dh.huang.2023/code/cs701/data/checkpoints_phase_9/checkpoint-015.pth
Starting epoch 16
epoch:16 train: loss:3.577
epoch:16 test: weighted f1 0.928
saved checkpoint: /common2/dh.huang.2023/code/cs701/data/checkpoints_phase_9/checkpoint-016.pth
Starting epoch 17
epoch:17 train: loss:3.574
epoch:17 test: weighted f1 0.930
saved checkpoint: /common2/dh.huang.2023/code/cs701/data/checkpoints_phase_9/checkpoint-017.pth
Starting epoch 18
epoch:18 train: loss:3.571
epoch:18 test: weighted f1 0.939
saved checkpoint: /common2/dh.huang.2023/code/cs701/data/checkpoints_phase_9/checkpoint-018.pth
Starting epoch 19
epoch:19 train: loss:3.568
epoch:19 test: weighted f1 0.945
saved checkpoint: /common2/dh.huang.2023/code/cs701/data/checkpoints_phase_9/checkpoint-019.pth
Starting epoch 20
epoch:20 train: loss:3.566
epoch:20 test: weighted f1 0.942
saved checkpoint: /common2/dh.huang.2023/code/cs701/data/checkpoints_phase_9/checkpoint-020.pth
Starting epoch 21
epoch:21 train: loss:3.564
epoch:21 test: weighted f1 0.913
saved checkpoint: /common2/dh.huang.2023/code/cs701/data/checkpoints_phase_9/checkpoint-021.pth
Starting epoch 22
epoch:22 train: loss:3.562
epoch:22 test: weighted f1 0.925
saved checkpoint: /common2/dh.huang.2023/code/cs701/data/checkpoints_phase_9/checkpoint-022.pth
Starting epoch 23
epoch:23 train: loss:3.560
epoch:23 test: weighted f1 0.923
saved checkpoint: /common2/dh.huang.2023/code/cs701/data/checkpoints_phase_9/checkpoint-023.pth
Starting epoch 24
epoch:24 train: loss:3.559
epoch:24 test: weighted f1 0.922
saved checkpoint: /common2/dh.huang.2023/code/cs701/data/checkpoints_phase_9/checkpoint-024.pth
Starting epoch 25
epoch:25 train: loss:3.557
epoch:25 test: weighted f1 0.942
saved checkpoint: /common2/dh.huang.2023/code/cs701/data/checkpoints_phase_9/checkpoint-025.pth
Starting epoch 26
epoch:26 train: loss:3.556
epoch:26 test: weighted f1 0.933
saved checkpoint: /common2/dh.huang.2023/code/cs701/data/checkpoints_phase_9/checkpoint-026.pth
Starting epoch 27
epoch:27 train: loss:3.554
epoch:27 test: weighted f1 0.920
saved checkpoint: /common2/dh.huang.2023/code/cs701/data/checkpoints_phase_9/checkpoint-027.pth
Starting epoch 28
epoch:28 train: loss:3.553
epoch:28 test: weighted f1 0.926
saved checkpoint: /common2/dh.huang.2023/code/cs701/data/checkpoints_phase_9/checkpoint-028.pth
Starting epoch 29
epoch:29 train: loss:3.552
epoch:29 test: weighted f1 0.922
saved checkpoint: /common2/dh.huang.2023/code/cs701/data/checkpoints_phase_9/checkpoint-029.pth
Starting epoch 30
epoch:30 train: loss:3.551
epoch:30 test: weighted f1 0.923
saved checkpoint: /common2/dh.huang.2023/code/cs701/data/checkpoints_phase_9/checkpoint-030.pth
Starting epoch 31
epoch:31 train: loss:3.550
epoch:31 test: weighted f1 0.925
saved checkpoint: /common2/dh.huang.2023/code/cs701/data/checkpoints_phase_9/checkpoint-031.pth
Starting epoch 32
epoch:32 train: loss:3.549
epoch:32 test: weighted f1 0.923
saved checkpoint: /common2/dh.huang.2023/code/cs701/data/checkpoints_phase_9/checkpoint-032.pth
Starting epoch 33
epoch:33 train: loss:3.548
epoch:33 test: weighted f1 0.942
saved checkpoint: /common2/dh.huang.2023/code/cs701/data/checkpoints_phase_9/checkpoint-033.pth
Starting epoch 34
epoch:34 train: loss:3.547
epoch:34 test: weighted f1 0.918
saved checkpoint: /common2/dh.huang.2023/code/cs701/data/checkpoints_phase_9/checkpoint-034.pth
Starting epoch 35
epoch:35 train: loss:3.547
epoch:35 test: weighted f1 0.926
saved checkpoint: /common2/dh.huang.2023/code/cs701/data/checkpoints_phase_9/checkpoint-035.pth
Starting epoch 36
epoch:36 train: loss:3.546
epoch:36 test: weighted f1 0.925
saved checkpoint: /common2/dh.huang.2023/code/cs701/data/checkpoints_phase_9/checkpoint-036.pth
Starting epoch 37
epoch:37 train: loss:3.545
epoch:37 test: weighted f1 0.922
saved checkpoint: /common2/dh.huang.2023/code/cs701/data/checkpoints_phase_9/checkpoint-037.pth
Starting epoch 38
epoch:38 train: loss:3.545
epoch:38 test: weighted f1 0.923
saved checkpoint: /common2/dh.huang.2023/code/cs701/data/checkpoints_phase_9/checkpoint-038.pth
Starting epoch 39
epoch:39 train: loss:3.544
epoch:39 test: weighted f1 0.929
saved checkpoint: /common2/dh.huang.2023/code/cs701/data/checkpoints_phase_9/checkpoint-039.pth
Starting epoch 40
epoch:40 train: loss:3.543
epoch:40 test: weighted f1 0.928
saved checkpoint: /common2/dh.huang.2023/code/cs701/data/checkpoints_phase_9/checkpoint-040.pth
Starting epoch 41
epoch:41 train: loss:3.543
epoch:41 test: weighted f1 0.930
saved checkpoint: /common2/dh.huang.2023/code/cs701/data/checkpoints_phase_9/checkpoint-041.pth
Starting epoch 42
epoch:42 train: loss:3.542
epoch:42 test: weighted f1 0.923
saved checkpoint: /common2/dh.huang.2023/code/cs701/data/checkpoints_phase_9/checkpoint-042.pth
Starting epoch 43
epoch:43 train: loss:3.542
epoch:43 test: weighted f1 0.929
saved checkpoint: /common2/dh.huang.2023/code/cs701/data/checkpoints_phase_9/checkpoint-043.pth
Starting epoch 44
epoch:44 train: loss:3.541
epoch:44 test: weighted f1 0.922
saved checkpoint: /common2/dh.huang.2023/code/cs701/data/checkpoints_phase_9/checkpoint-044.pth
Starting epoch 45
epoch:45 train: loss:3.541
epoch:45 test: weighted f1 0.933
saved checkpoint: /common2/dh.huang.2023/code/cs701/data/checkpoints_phase_9/checkpoint-045.pth
Starting epoch 46
epoch:46 train: loss:3.540
epoch:46 test: weighted f1 0.910
saved checkpoint: /common2/dh.huang.2023/code/cs701/data/checkpoints_phase_9/checkpoint-046.pth
Starting epoch 47
epoch:47 train: loss:3.540
epoch:47 test: weighted f1 0.917
saved checkpoint: /common2/dh.huang.2023/code/cs701/data/checkpoints_phase_9/checkpoint-047.pth
Starting epoch 48
epoch:48 train: loss:3.539
epoch:48 test: weighted f1 0.934
saved checkpoint: /common2/dh.huang.2023/code/cs701/data/checkpoints_phase_9/checkpoint-048.pth
Starting epoch 49
epoch:49 train: loss:3.539
epoch:49 test: weighted f1 0.925
saved checkpoint: /common2/dh.huang.2023/code/cs701/data/checkpoints_phase_9/checkpoint-049.pth
Starting epoch 50
epoch:50 train: loss:3.539
epoch:50 test: weighted f1 0.907
saved checkpoint: /common2/dh.huang.2023/code/cs701/data/checkpoints_phase_9/checkpoint-050.pth
Training is completed in 0.0 hours, 6.0 minutes, 24.836 seconds
Job ID: 30193
Cluster: crimson
User/Group: dh.huang.2023/dh.huang.2023
State: COMPLETED (exit code 0)
Nodes: 1
Cores per node: 10
CPU Utilized: 00:59:35
CPU Efficiency: 91.90% of 01:04:50 core-walltime
Job Wall-clock time: 00:06:29
Memory Utilized: 1.14 GB
Memory Efficiency: 1.78% of 64.00 GB
