Submitting job: /common/home/users/d/dh.huang.2023/code/cs701/test.sh
Current Directory:
/common/home/users/d/dh.huang.2023/code/cs701
Running python validate.py --val_or_test=-1 --batch=16 --phase=1 --model=2
device:  cuda
model:  2 
classes:  10 
checkpoint:  0 
batch:  16 
phase:  1
loaded checkpoint: /common2/dh.huang.2023/code/cs701/data/checkpoints_phase_1/checkpoint-002.pth
data_dir:  data/Test
2087 results saved to: /common2/dh.huang.2023/code/cs701/results/result_1.txt
phase: 1 - final accuracy:0.955
Validation is completed in 0.0 hours, 0.0 minutes, 15.960 seconds
Running python validate.py --val_or_test=-1 --batch=16 --phase=2 --model=2
device:  cuda
model:  2 
classes:  20 
checkpoint:  0 
batch:  16 
phase:  2
loaded checkpoint: /common2/dh.huang.2023/code/cs701/data/checkpoints_phase_2/checkpoint-005.pth
data_dir:  data/Test
2087 results saved to: /common2/dh.huang.2023/code/cs701/results/result_2.txt
phase: 2 - final accuracy:0.971
Validation is completed in 0.0 hours, 0.0 minutes, 13.638 seconds
Running python validate.py --val_or_test=-1 --batch=16 --phase=3 --model=2
device:  cuda
model:  2 
classes:  30 
checkpoint:  0 
batch:  16 
phase:  3
loaded checkpoint: /common2/dh.huang.2023/code/cs701/data/checkpoints_phase_3/checkpoint-008.pth
data_dir:  data/Test
2087 results saved to: /common2/dh.huang.2023/code/cs701/results/result_3.txt
phase: 3 - final accuracy:0.954
Validation is completed in 0.0 hours, 0.0 minutes, 14.365 seconds
Running python validate.py --val_or_test=-1 --batch=16 --phase=4 --model=2
device:  cuda
model:  2 
classes:  40 
checkpoint:  0 
batch:  16 
phase:  4
loaded checkpoint: /common2/dh.huang.2023/code/cs701/data/checkpoints_phase_4/checkpoint-020.pth
data_dir:  data/Test
2087 results saved to: /common2/dh.huang.2023/code/cs701/results/result_4.txt
phase: 4 - final accuracy:0.972
Validation is completed in 0.0 hours, 0.0 minutes, 14.914 seconds
Running python validate.py --val_or_test=-1 --batch=16 --phase=5 --model=2
device:  cuda
model:  2 
classes:  50 
checkpoint:  0 
batch:  16 
phase:  5
loaded checkpoint: /common2/dh.huang.2023/code/cs701/data/checkpoints_phase_5/checkpoint-028.pth
data_dir:  data/Test
2087 results saved to: /common2/dh.huang.2023/code/cs701/results/result_5.txt
phase: 5 - final accuracy:0.960
Validation is completed in 0.0 hours, 0.0 minutes, 15.360 seconds
Running python validate.py --val_or_test=-1 --batch=16 --phase=6 --model=2
device:  cuda
model:  2 
classes:  60 
checkpoint:  0 
batch:  16 
phase:  6
loaded checkpoint: /common2/dh.huang.2023/code/cs701/data/checkpoints_phase_6/checkpoint-024.pth
data_dir:  data/Test
2087 results saved to: /common2/dh.huang.2023/code/cs701/results/result_6.txt
phase: 6 - final accuracy:0.976
Validation is completed in 0.0 hours, 0.0 minutes, 15.727 seconds
Running python validate.py --val_or_test=-1 --batch=16 --phase=7 --model=2
device:  cuda
model:  2 
classes:  70 
checkpoint:  0 
batch:  16 
phase:  7
loaded checkpoint: /common2/dh.huang.2023/code/cs701/data/checkpoints_phase_7/checkpoint-033.pth
data_dir:  data/Test
2087 results saved to: /common2/dh.huang.2023/code/cs701/results/result_7.txt
phase: 7 - final accuracy:0.960
Validation is completed in 0.0 hours, 0.0 minutes, 16.583 seconds
Running python validate.py --val_or_test=-1 --batch=16 --phase=8 --model=2
device:  cuda
model:  2 
classes:  80 
checkpoint:  0 
batch:  16 
phase:  8
loaded checkpoint: /common2/dh.huang.2023/code/cs701/data/checkpoints_phase_8/checkpoint-034.pth
data_dir:  data/Test
2087 results saved to: /common2/dh.huang.2023/code/cs701/results/result_8.txt
phase: 8 - final accuracy:0.967
Validation is completed in 0.0 hours, 0.0 minutes, 16.959 seconds
Running python validate.py --val_or_test=-1 --batch=16 --phase=9 --model=2
device:  cuda
model:  2 
classes:  90 
checkpoint:  0 
batch:  16 
phase:  9
loaded checkpoint: /common2/dh.huang.2023/code/cs701/data/checkpoints_phase_9/checkpoint-042.pth
data_dir:  data/Test
2087 results saved to: /common2/dh.huang.2023/code/cs701/results/result_9.txt
phase: 9 - final accuracy:0.962
Validation is completed in 0.0 hours, 0.0 minutes, 17.477 seconds
Running python validate.py --val_or_test=-1 --batch=16 --phase=10 --model=2
device:  cuda
model:  2 
classes:  100 
checkpoint:  0 
batch:  16 
phase:  10
loaded checkpoint: /common2/dh.huang.2023/code/cs701/data/checkpoints_phase_10/checkpoint-026.pth
data_dir:  data/Test
2087 results saved to: /common2/dh.huang.2023/code/cs701/results/result_10.txt
phase:10 - final accuracy:0.960
Validation is completed in 0.0 hours, 0.0 minutes, 17.879 seconds
Job ID: 31286
Cluster: crimson
User/Group: dh.huang.2023/dh.huang.2023
State: COMPLETED (exit code 0)
Nodes: 1
Cores per node: 10
CPU Utilized: 00:26:35
CPU Efficiency: 79.35% of 00:33:30 core-walltime
Job Wall-clock time: 00:03:21
Memory Utilized: 776.77 MB
Memory Efficiency: 1.19% of 64.00 GB
