Submitting job: /common/home/users/d/dh.huang.2023/code/cs701/train.sh
Current Directory:
/common/home/users/d/dh.huang.2023/code/cs701
Wed Oct 25 21:10:06 2023       
+---------------------------------------------------------------------------------------+
| NVIDIA-SMI 535.104.05             Driver Version: 535.104.05   CUDA Version: 12.2     |
|-----------------------------------------+----------------------+----------------------+
| GPU  Name                 Persistence-M | Bus-Id        Disp.A | Volatile Uncorr. ECC |
| Fan  Temp   Perf          Pwr:Usage/Cap |         Memory-Usage | GPU-Util  Compute M. |
|                                         |                      |               MIG M. |
|=========================================+======================+======================|
|   0  NVIDIA L40                     On  | 00000000:C1:00.0 Off |                    0 |
| N/A   30C    P8              33W / 300W |      4MiB / 46068MiB |      0%      Default |
|                                         |                      |                  N/A |
+-----------------------------------------+----------------------+----------------------+
                                                                                         
+---------------------------------------------------------------------------------------+
| Processes:                                                                            |
|  GPU   GI   CI        PID   Type   Process name                            GPU Memory |
|        ID   ID                                                             Usage      |
|=======================================================================================|
|  No running processes found                                                           |
+---------------------------------------------------------------------------------------+
Running python train-xu-optimized.py --epochs=50 --batch=16
device:  cuda
epochs:  50 
batch:  16
Phase 1, Epoch 0, Loss: 2.137601752613866
saved checkpoint: /common2/dh.huang.2023/code/cs701/data/checkpoints_phase_1/checkpoint-000.pth
Phase 1, Epoch 1, Loss: 1.1401139761126318
saved checkpoint: /common2/dh.huang.2023/code/cs701/data/checkpoints_phase_1/checkpoint-001.pth
Phase 1, Epoch 2, Loss: 0.6245226499646209
saved checkpoint: /common2/dh.huang.2023/code/cs701/data/checkpoints_phase_1/checkpoint-002.pth
Phase 1, Epoch 3, Loss: 0.39469232531481013
saved checkpoint: /common2/dh.huang.2023/code/cs701/data/checkpoints_phase_1/checkpoint-003.pth
Phase 1, Epoch 4, Loss: 0.3054323730080627
saved checkpoint: /common2/dh.huang.2023/code/cs701/data/checkpoints_phase_1/checkpoint-004.pth
loaded checkpoint: /common2/dh.huang.2023/code/cs701/data/checkpoints_phase_1/checkpoint-000.pth
checkpoint: 0 - final accuracy:0.623
loaded checkpoint: /common2/dh.huang.2023/code/cs701/data/checkpoints_phase_1/checkpoint-001.pth
checkpoint: 1 - final accuracy:0.966
loaded checkpoint: /common2/dh.huang.2023/code/cs701/data/checkpoints_phase_1/checkpoint-002.pth
checkpoint: 2 - final accuracy:0.989
loaded checkpoint: /common2/dh.huang.2023/code/cs701/data/checkpoints_phase_1/checkpoint-003.pth
checkpoint: 3 - final accuracy:0.978
loaded checkpoint: /common2/dh.huang.2023/code/cs701/data/checkpoints_phase_1/checkpoint-004.pth
checkpoint: 4 - final accuracy:0.978
*** phase: 1 epoch: 2 - top accuracy:0.989
loaded checkpoint: /common2/dh.huang.2023/code/cs701/data/checkpoints_phase_1/checkpoint-002.pth
saved results to file: results/result_1.txt
Phase 2, Epoch 0, Loss: 2.4118229045840396
saved checkpoint: /common2/dh.huang.2023/code/cs701/data/checkpoints_phase_2/checkpoint-000.pth
Phase 2, Epoch 1, Loss: 1.2749845493063439
saved checkpoint: /common2/dh.huang.2023/code/cs701/data/checkpoints_phase_2/checkpoint-001.pth
Phase 2, Epoch 2, Loss: 0.8264784986666615
saved checkpoint: /common2/dh.huang.2023/code/cs701/data/checkpoints_phase_2/checkpoint-002.pth
Phase 2, Epoch 3, Loss: 0.6309534462671431
saved checkpoint: /common2/dh.huang.2023/code/cs701/data/checkpoints_phase_2/checkpoint-003.pth
Phase 2, Epoch 4, Loss: 0.556077834331628
saved checkpoint: /common2/dh.huang.2023/code/cs701/data/checkpoints_phase_2/checkpoint-004.pth
Phase 2, Epoch 5, Loss: 0.4747309951383142
saved checkpoint: /common2/dh.huang.2023/code/cs701/data/checkpoints_phase_2/checkpoint-005.pth
Phase 2, Epoch 6, Loss: 0.4364141674784871
saved checkpoint: /common2/dh.huang.2023/code/cs701/data/checkpoints_phase_2/checkpoint-006.pth
loaded checkpoint: /common2/dh.huang.2023/code/cs701/data/checkpoints_phase_2/checkpoint-000.pth
checkpoint: 0 - final accuracy:0.634
loaded checkpoint: /common2/dh.huang.2023/code/cs701/data/checkpoints_phase_2/checkpoint-001.pth
checkpoint: 1 - final accuracy:0.878
loaded checkpoint: /common2/dh.huang.2023/code/cs701/data/checkpoints_phase_2/checkpoint-002.pth
checkpoint: 2 - final accuracy:0.948
loaded checkpoint: /common2/dh.huang.2023/code/cs701/data/checkpoints_phase_2/checkpoint-003.pth
checkpoint: 3 - final accuracy:0.949
loaded checkpoint: /common2/dh.huang.2023/code/cs701/data/checkpoints_phase_2/checkpoint-004.pth
checkpoint: 4 - final accuracy:0.960
loaded checkpoint: /common2/dh.huang.2023/code/cs701/data/checkpoints_phase_2/checkpoint-005.pth
checkpoint: 5 - final accuracy:0.972
loaded checkpoint: /common2/dh.huang.2023/code/cs701/data/checkpoints_phase_2/checkpoint-006.pth
checkpoint: 6 - final accuracy:0.966
*** phase: 2 epoch: 5 - top accuracy:0.972
loaded checkpoint: /common2/dh.huang.2023/code/cs701/data/checkpoints_phase_2/checkpoint-005.pth
saved results to file: results/result_2.txt
Phase 3, Epoch 0, Loss: 2.52739785720943
saved checkpoint: /common2/dh.huang.2023/code/cs701/data/checkpoints_phase_3/checkpoint-000.pth
Phase 3, Epoch 1, Loss: 1.2436210133394219
saved checkpoint: /common2/dh.huang.2023/code/cs701/data/checkpoints_phase_3/checkpoint-001.pth
Phase 3, Epoch 2, Loss: 0.8063351887073296
saved checkpoint: /common2/dh.huang.2023/code/cs701/data/checkpoints_phase_3/checkpoint-002.pth
Phase 3, Epoch 3, Loss: 0.6414352080076358
saved checkpoint: /common2/dh.huang.2023/code/cs701/data/checkpoints_phase_3/checkpoint-003.pth
Phase 3, Epoch 4, Loss: 0.5073280116996249
saved checkpoint: /common2/dh.huang.2023/code/cs701/data/checkpoints_phase_3/checkpoint-004.pth
Phase 3, Epoch 5, Loss: 0.44337398274064527
saved checkpoint: /common2/dh.huang.2023/code/cs701/data/checkpoints_phase_3/checkpoint-005.pth
Phase 3, Epoch 6, Loss: 0.37607840957788885
saved checkpoint: /common2/dh.huang.2023/code/cs701/data/checkpoints_phase_3/checkpoint-006.pth
Phase 3, Epoch 7, Loss: 0.35154752473573425
saved checkpoint: /common2/dh.huang.2023/code/cs701/data/checkpoints_phase_3/checkpoint-007.pth
Phase 3, Epoch 8, Loss: 0.3350200798060443
saved checkpoint: /common2/dh.huang.2023/code/cs701/data/checkpoints_phase_3/checkpoint-008.pth
loaded checkpoint: /common2/dh.huang.2023/code/cs701/data/checkpoints_phase_3/checkpoint-000.pth
checkpoint: 0 - final accuracy:0.674
loaded checkpoint: /common2/dh.huang.2023/code/cs701/data/checkpoints_phase_3/checkpoint-001.pth
checkpoint: 1 - final accuracy:0.845
loaded checkpoint: /common2/dh.huang.2023/code/cs701/data/checkpoints_phase_3/checkpoint-002.pth
checkpoint: 2 - final accuracy:0.872
loaded checkpoint: /common2/dh.huang.2023/code/cs701/data/checkpoints_phase_3/checkpoint-003.pth
checkpoint: 3 - final accuracy:0.904
loaded checkpoint: /common2/dh.huang.2023/code/cs701/data/checkpoints_phase_3/checkpoint-004.pth
checkpoint: 4 - final accuracy:0.937
loaded checkpoint: /common2/dh.huang.2023/code/cs701/data/checkpoints_phase_3/checkpoint-005.pth
checkpoint: 5 - final accuracy:0.959
loaded checkpoint: /common2/dh.huang.2023/code/cs701/data/checkpoints_phase_3/checkpoint-006.pth
checkpoint: 6 - final accuracy:0.966
loaded checkpoint: /common2/dh.huang.2023/code/cs701/data/checkpoints_phase_3/checkpoint-007.pth
checkpoint: 7 - final accuracy:0.952
loaded checkpoint: /common2/dh.huang.2023/code/cs701/data/checkpoints_phase_3/checkpoint-008.pth
checkpoint: 8 - final accuracy:0.970
*** phase: 3 epoch: 8 - top accuracy:0.970
loaded checkpoint: /common2/dh.huang.2023/code/cs701/data/checkpoints_phase_3/checkpoint-008.pth
saved results to file: results/result_3.txt
Phase 4, Epoch 0, Loss: 2.529729794694654
saved checkpoint: /common2/dh.huang.2023/code/cs701/data/checkpoints_phase_4/checkpoint-000.pth
Phase 4, Epoch 1, Loss: 1.1061222892368134
saved checkpoint: /common2/dh.huang.2023/code/cs701/data/checkpoints_phase_4/checkpoint-001.pth
Phase 4, Epoch 2, Loss: 0.7350469988558566
saved checkpoint: /common2/dh.huang.2023/code/cs701/data/checkpoints_phase_4/checkpoint-002.pth
Phase 4, Epoch 3, Loss: 0.5542278621989168
saved checkpoint: /common2/dh.huang.2023/code/cs701/data/checkpoints_phase_4/checkpoint-003.pth
Phase 4, Epoch 4, Loss: 0.4431534066082604
saved checkpoint: /common2/dh.huang.2023/code/cs701/data/checkpoints_phase_4/checkpoint-004.pth
Phase 4, Epoch 5, Loss: 0.3798471993735636
saved checkpoint: /common2/dh.huang.2023/code/cs701/data/checkpoints_phase_4/checkpoint-005.pth
Phase 4, Epoch 6, Loss: 0.33709122826641286
saved checkpoint: /common2/dh.huang.2023/code/cs701/data/checkpoints_phase_4/checkpoint-006.pth
Phase 4, Epoch 7, Loss: 0.303529014089111
saved checkpoint: /common2/dh.huang.2023/code/cs701/data/checkpoints_phase_4/checkpoint-007.pth
Phase 4, Epoch 8, Loss: 0.2935158055821766
saved checkpoint: /common2/dh.huang.2023/code/cs701/data/checkpoints_phase_4/checkpoint-008.pth
Phase 4, Epoch 9, Loss: 0.2981588499639481
saved checkpoint: /common2/dh.huang.2023/code/cs701/data/checkpoints_phase_4/checkpoint-009.pth
Phase 4, Epoch 10, Loss: 0.2872451744508674
saved checkpoint: /common2/dh.huang.2023/code/cs701/data/checkpoints_phase_4/checkpoint-010.pth
Phase 4, Epoch 11, Loss: 0.2835849276128805
saved checkpoint: /common2/dh.huang.2023/code/cs701/data/checkpoints_phase_4/checkpoint-011.pth
Phase 4, Epoch 12, Loss: 0.276344038838053
saved checkpoint: /common2/dh.huang.2023/code/cs701/data/checkpoints_phase_4/checkpoint-012.pth
Phase 4, Epoch 13, Loss: 0.28603250160272653
saved checkpoint: /common2/dh.huang.2023/code/cs701/data/checkpoints_phase_4/checkpoint-013.pth
Phase 4, Epoch 14, Loss: 0.26066768636551235
saved checkpoint: /common2/dh.huang.2023/code/cs701/data/checkpoints_phase_4/checkpoint-014.pth
Phase 4, Epoch 15, Loss: 0.28374254348835165
saved checkpoint: /common2/dh.huang.2023/code/cs701/data/checkpoints_phase_4/checkpoint-015.pth
Phase 4, Epoch 16, Loss: 0.27850800674781745
saved checkpoint: /common2/dh.huang.2023/code/cs701/data/checkpoints_phase_4/checkpoint-016.pth
Phase 4, Epoch 17, Loss: 0.27318006849081317
saved checkpoint: /common2/dh.huang.2023/code/cs701/data/checkpoints_phase_4/checkpoint-017.pth
Phase 4, Epoch 18, Loss: 0.2801665804728714
saved checkpoint: /common2/dh.huang.2023/code/cs701/data/checkpoints_phase_4/checkpoint-018.pth
Phase 4, Epoch 19, Loss: 0.27748539416641216
saved checkpoint: /common2/dh.huang.2023/code/cs701/data/checkpoints_phase_4/checkpoint-019.pth
Phase 4, Epoch 20, Loss: 0.2797203313110529
saved checkpoint: /common2/dh.huang.2023/code/cs701/data/checkpoints_phase_4/checkpoint-020.pth
Phase 4, Epoch 21, Loss: 0.27788489096742586
saved checkpoint: /common2/dh.huang.2023/code/cs701/data/checkpoints_phase_4/checkpoint-021.pth
Phase 4, Epoch 22, Loss: 0.2588343243121409
saved checkpoint: /common2/dh.huang.2023/code/cs701/data/checkpoints_phase_4/checkpoint-022.pth
Phase 4, Epoch 23, Loss: 0.2812421145390703
saved checkpoint: /common2/dh.huang.2023/code/cs701/data/checkpoints_phase_4/checkpoint-023.pth
Phase 4, Epoch 24, Loss: 0.2890838099148865
saved checkpoint: /common2/dh.huang.2023/code/cs701/data/checkpoints_phase_4/checkpoint-024.pth
loaded checkpoint: /common2/dh.huang.2023/code/cs701/data/checkpoints_phase_4/checkpoint-000.pth
checkpoint: 0 - final accuracy:0.768
loaded checkpoint: /common2/dh.huang.2023/code/cs701/data/checkpoints_phase_4/checkpoint-001.pth
checkpoint: 1 - final accuracy:0.899
loaded checkpoint: /common2/dh.huang.2023/code/cs701/data/checkpoints_phase_4/checkpoint-002.pth
checkpoint: 2 - final accuracy:0.904
loaded checkpoint: /common2/dh.huang.2023/code/cs701/data/checkpoints_phase_4/checkpoint-003.pth
checkpoint: 3 - final accuracy:0.943
loaded checkpoint: /common2/dh.huang.2023/code/cs701/data/checkpoints_phase_4/checkpoint-004.pth
checkpoint: 4 - final accuracy:0.964
loaded checkpoint: /common2/dh.huang.2023/code/cs701/data/checkpoints_phase_4/checkpoint-005.pth
checkpoint: 5 - final accuracy:0.966
loaded checkpoint: /common2/dh.huang.2023/code/cs701/data/checkpoints_phase_4/checkpoint-006.pth
checkpoint: 6 - final accuracy:0.963
loaded checkpoint: /common2/dh.huang.2023/code/cs701/data/checkpoints_phase_4/checkpoint-007.pth
checkpoint: 7 - final accuracy:0.975
loaded checkpoint: /common2/dh.huang.2023/code/cs701/data/checkpoints_phase_4/checkpoint-008.pth
checkpoint: 8 - final accuracy:0.972
loaded checkpoint: /common2/dh.huang.2023/code/cs701/data/checkpoints_phase_4/checkpoint-009.pth
checkpoint: 9 - final accuracy:0.972
loaded checkpoint: /common2/dh.huang.2023/code/cs701/data/checkpoints_phase_4/checkpoint-010.pth
checkpoint:10 - final accuracy:0.969
loaded checkpoint: /common2/dh.huang.2023/code/cs701/data/checkpoints_phase_4/checkpoint-011.pth
checkpoint:11 - final accuracy:0.974
loaded checkpoint: /common2/dh.huang.2023/code/cs701/data/checkpoints_phase_4/checkpoint-012.pth
checkpoint:12 - final accuracy:0.969
loaded checkpoint: /common2/dh.huang.2023/code/cs701/data/checkpoints_phase_4/checkpoint-013.pth
checkpoint:13 - final accuracy:0.972
loaded checkpoint: /common2/dh.huang.2023/code/cs701/data/checkpoints_phase_4/checkpoint-014.pth
checkpoint:14 - final accuracy:0.969
loaded checkpoint: /common2/dh.huang.2023/code/cs701/data/checkpoints_phase_4/checkpoint-015.pth
checkpoint:15 - final accuracy:0.969
loaded checkpoint: /common2/dh.huang.2023/code/cs701/data/checkpoints_phase_4/checkpoint-016.pth
checkpoint:16 - final accuracy:0.969
loaded checkpoint: /common2/dh.huang.2023/code/cs701/data/checkpoints_phase_4/checkpoint-017.pth
checkpoint:17 - final accuracy:0.975
loaded checkpoint: /common2/dh.huang.2023/code/cs701/data/checkpoints_phase_4/checkpoint-018.pth
checkpoint:18 - final accuracy:0.960
loaded checkpoint: /common2/dh.huang.2023/code/cs701/data/checkpoints_phase_4/checkpoint-019.pth
checkpoint:19 - final accuracy:0.977
loaded checkpoint: /common2/dh.huang.2023/code/cs701/data/checkpoints_phase_4/checkpoint-020.pth
checkpoint:20 - final accuracy:0.980
loaded checkpoint: /common2/dh.huang.2023/code/cs701/data/checkpoints_phase_4/checkpoint-021.pth
checkpoint:21 - final accuracy:0.972
loaded checkpoint: /common2/dh.huang.2023/code/cs701/data/checkpoints_phase_4/checkpoint-022.pth
checkpoint:22 - final accuracy:0.972
loaded checkpoint: /common2/dh.huang.2023/code/cs701/data/checkpoints_phase_4/checkpoint-023.pth
checkpoint:23 - final accuracy:0.974
loaded checkpoint: /common2/dh.huang.2023/code/cs701/data/checkpoints_phase_4/checkpoint-024.pth
checkpoint:24 - final accuracy:0.977
*** phase: 4 epoch:20 - top accuracy:0.980
loaded checkpoint: /common2/dh.huang.2023/code/cs701/data/checkpoints_phase_4/checkpoint-020.pth
saved results to file: results/result_4.txt
Phase 5, Epoch 0, Loss: 2.574531531126603
saved checkpoint: /common2/dh.huang.2023/code/cs701/data/checkpoints_phase_5/checkpoint-000.pth
Phase 5, Epoch 1, Loss: 1.0718991853188777
saved checkpoint: /common2/dh.huang.2023/code/cs701/data/checkpoints_phase_5/checkpoint-001.pth
Phase 5, Epoch 2, Loss: 0.7128809931658316
saved checkpoint: /common2/dh.huang.2023/code/cs701/data/checkpoints_phase_5/checkpoint-002.pth
Phase 5, Epoch 3, Loss: 0.5392044900120169
saved checkpoint: /common2/dh.huang.2023/code/cs701/data/checkpoints_phase_5/checkpoint-003.pth
Phase 5, Epoch 4, Loss: 0.4253369466809259
saved checkpoint: /common2/dh.huang.2023/code/cs701/data/checkpoints_phase_5/checkpoint-004.pth
Phase 5, Epoch 5, Loss: 0.3693945282092993
saved checkpoint: /common2/dh.huang.2023/code/cs701/data/checkpoints_phase_5/checkpoint-005.pth
Phase 5, Epoch 6, Loss: 0.32160004987232926
saved checkpoint: /common2/dh.huang.2023/code/cs701/data/checkpoints_phase_5/checkpoint-006.pth
Phase 5, Epoch 7, Loss: 0.28125496273455414
saved checkpoint: /common2/dh.huang.2023/code/cs701/data/checkpoints_phase_5/checkpoint-007.pth
Phase 5, Epoch 8, Loss: 0.2856164533850076
saved checkpoint: /common2/dh.huang.2023/code/cs701/data/checkpoints_phase_5/checkpoint-008.pth
Phase 5, Epoch 9, Loss: 0.27394683818886245
saved checkpoint: /common2/dh.huang.2023/code/cs701/data/checkpoints_phase_5/checkpoint-009.pth
Phase 5, Epoch 10, Loss: 0.2584001466675081
saved checkpoint: /common2/dh.huang.2023/code/cs701/data/checkpoints_phase_5/checkpoint-010.pth
Phase 5, Epoch 11, Loss: 0.2503037414861762
saved checkpoint: /common2/dh.huang.2023/code/cs701/data/checkpoints_phase_5/checkpoint-011.pth
Phase 5, Epoch 12, Loss: 0.2703475495006727
saved checkpoint: /common2/dh.huang.2023/code/cs701/data/checkpoints_phase_5/checkpoint-012.pth
Phase 5, Epoch 13, Loss: 0.2596216687084972
saved checkpoint: /common2/dh.huang.2023/code/cs701/data/checkpoints_phase_5/checkpoint-013.pth
Phase 5, Epoch 14, Loss: 0.26427016854286195
saved checkpoint: /common2/dh.huang.2023/code/cs701/data/checkpoints_phase_5/checkpoint-014.pth
Phase 5, Epoch 15, Loss: 0.25362447605616806
saved checkpoint: /common2/dh.huang.2023/code/cs701/data/checkpoints_phase_5/checkpoint-015.pth
Phase 5, Epoch 16, Loss: 0.2597442624707153
saved checkpoint: /common2/dh.huang.2023/code/cs701/data/checkpoints_phase_5/checkpoint-016.pth
Phase 5, Epoch 17, Loss: 0.25142611342927684
saved checkpoint: /common2/dh.huang.2023/code/cs701/data/checkpoints_phase_5/checkpoint-017.pth
Phase 5, Epoch 18, Loss: 0.26008760291597116
saved checkpoint: /common2/dh.huang.2023/code/cs701/data/checkpoints_phase_5/checkpoint-018.pth
Phase 5, Epoch 19, Loss: 0.25923783352409585
saved checkpoint: /common2/dh.huang.2023/code/cs701/data/checkpoints_phase_5/checkpoint-019.pth
Phase 5, Epoch 20, Loss: 0.2616647306646126
saved checkpoint: /common2/dh.huang.2023/code/cs701/data/checkpoints_phase_5/checkpoint-020.pth
Phase 5, Epoch 21, Loss: 0.25626628074093144
saved checkpoint: /common2/dh.huang.2023/code/cs701/data/checkpoints_phase_5/checkpoint-021.pth
Phase 5, Epoch 22, Loss: 0.26264069640118143
saved checkpoint: /common2/dh.huang.2023/code/cs701/data/checkpoints_phase_5/checkpoint-022.pth
Phase 5, Epoch 23, Loss: 0.24819879640703615
saved checkpoint: /common2/dh.huang.2023/code/cs701/data/checkpoints_phase_5/checkpoint-023.pth
Phase 5, Epoch 24, Loss: 0.23150311122769895
saved checkpoint: /common2/dh.huang.2023/code/cs701/data/checkpoints_phase_5/checkpoint-024.pth
Phase 5, Epoch 25, Loss: 0.24330188068358793
saved checkpoint: /common2/dh.huang.2023/code/cs701/data/checkpoints_phase_5/checkpoint-025.pth
Phase 5, Epoch 26, Loss: 0.2643345650685006
saved checkpoint: /common2/dh.huang.2023/code/cs701/data/checkpoints_phase_5/checkpoint-026.pth
Phase 5, Epoch 27, Loss: 0.2506218817614127
saved checkpoint: /common2/dh.huang.2023/code/cs701/data/checkpoints_phase_5/checkpoint-027.pth
Phase 5, Epoch 28, Loss: 0.25274254690045894
saved checkpoint: /common2/dh.huang.2023/code/cs701/data/checkpoints_phase_5/checkpoint-028.pth
Phase 5, Epoch 29, Loss: 0.26348845300467116
saved checkpoint: /common2/dh.huang.2023/code/cs701/data/checkpoints_phase_5/checkpoint-029.pth
loaded checkpoint: /common2/dh.huang.2023/code/cs701/data/checkpoints_phase_5/checkpoint-000.pth
checkpoint: 0 - final accuracy:0.743
loaded checkpoint: /common2/dh.huang.2023/code/cs701/data/checkpoints_phase_5/checkpoint-001.pth
checkpoint: 1 - final accuracy:0.832
loaded checkpoint: /common2/dh.huang.2023/code/cs701/data/checkpoints_phase_5/checkpoint-002.pth
checkpoint: 2 - final accuracy:0.898
loaded checkpoint: /common2/dh.huang.2023/code/cs701/data/checkpoints_phase_5/checkpoint-003.pth
checkpoint: 3 - final accuracy:0.922
loaded checkpoint: /common2/dh.huang.2023/code/cs701/data/checkpoints_phase_5/checkpoint-004.pth
checkpoint: 4 - final accuracy:0.931
loaded checkpoint: /common2/dh.huang.2023/code/cs701/data/checkpoints_phase_5/checkpoint-005.pth
checkpoint: 5 - final accuracy:0.941
loaded checkpoint: /common2/dh.huang.2023/code/cs701/data/checkpoints_phase_5/checkpoint-006.pth
checkpoint: 6 - final accuracy:0.948
loaded checkpoint: /common2/dh.huang.2023/code/cs701/data/checkpoints_phase_5/checkpoint-007.pth
checkpoint: 7 - final accuracy:0.955
loaded checkpoint: /common2/dh.huang.2023/code/cs701/data/checkpoints_phase_5/checkpoint-008.pth
checkpoint: 8 - final accuracy:0.950
loaded checkpoint: /common2/dh.huang.2023/code/cs701/data/checkpoints_phase_5/checkpoint-009.pth
checkpoint: 9 - final accuracy:0.957
loaded checkpoint: /common2/dh.huang.2023/code/cs701/data/checkpoints_phase_5/checkpoint-010.pth
checkpoint:10 - final accuracy:0.961
loaded checkpoint: /common2/dh.huang.2023/code/cs701/data/checkpoints_phase_5/checkpoint-011.pth
checkpoint:11 - final accuracy:0.952
loaded checkpoint: /common2/dh.huang.2023/code/cs701/data/checkpoints_phase_5/checkpoint-012.pth
checkpoint:12 - final accuracy:0.966
loaded checkpoint: /common2/dh.huang.2023/code/cs701/data/checkpoints_phase_5/checkpoint-013.pth
checkpoint:13 - final accuracy:0.962
loaded checkpoint: /common2/dh.huang.2023/code/cs701/data/checkpoints_phase_5/checkpoint-014.pth
checkpoint:14 - final accuracy:0.959
loaded checkpoint: /common2/dh.huang.2023/code/cs701/data/checkpoints_phase_5/checkpoint-015.pth
checkpoint:15 - final accuracy:0.966
loaded checkpoint: /common2/dh.huang.2023/code/cs701/data/checkpoints_phase_5/checkpoint-016.pth
checkpoint:16 - final accuracy:0.964
loaded checkpoint: /common2/dh.huang.2023/code/cs701/data/checkpoints_phase_5/checkpoint-017.pth
checkpoint:17 - final accuracy:0.968
loaded checkpoint: /common2/dh.huang.2023/code/cs701/data/checkpoints_phase_5/checkpoint-018.pth
checkpoint:18 - final accuracy:0.957
loaded checkpoint: /common2/dh.huang.2023/code/cs701/data/checkpoints_phase_5/checkpoint-019.pth
checkpoint:19 - final accuracy:0.964
loaded checkpoint: /common2/dh.huang.2023/code/cs701/data/checkpoints_phase_5/checkpoint-020.pth
checkpoint:20 - final accuracy:0.966
loaded checkpoint: /common2/dh.huang.2023/code/cs701/data/checkpoints_phase_5/checkpoint-021.pth
checkpoint:21 - final accuracy:0.961
loaded checkpoint: /common2/dh.huang.2023/code/cs701/data/checkpoints_phase_5/checkpoint-022.pth
checkpoint:22 - final accuracy:0.968
loaded checkpoint: /common2/dh.huang.2023/code/cs701/data/checkpoints_phase_5/checkpoint-023.pth
checkpoint:23 - final accuracy:0.966
loaded checkpoint: /common2/dh.huang.2023/code/cs701/data/checkpoints_phase_5/checkpoint-024.pth
checkpoint:24 - final accuracy:0.968
loaded checkpoint: /common2/dh.huang.2023/code/cs701/data/checkpoints_phase_5/checkpoint-025.pth
checkpoint:25 - final accuracy:0.966
loaded checkpoint: /common2/dh.huang.2023/code/cs701/data/checkpoints_phase_5/checkpoint-026.pth
checkpoint:26 - final accuracy:0.966
loaded checkpoint: /common2/dh.huang.2023/code/cs701/data/checkpoints_phase_5/checkpoint-027.pth
checkpoint:27 - final accuracy:0.964
loaded checkpoint: /common2/dh.huang.2023/code/cs701/data/checkpoints_phase_5/checkpoint-028.pth
checkpoint:28 - final accuracy:0.968
loaded checkpoint: /common2/dh.huang.2023/code/cs701/data/checkpoints_phase_5/checkpoint-029.pth
checkpoint:29 - final accuracy:0.961
*** phase: 5 epoch:28 - top accuracy:0.968
loaded checkpoint: /common2/dh.huang.2023/code/cs701/data/checkpoints_phase_5/checkpoint-028.pth
saved results to file: results/result_5.txt
Phase 6, Epoch 0, Loss: 2.5869312005884506
saved checkpoint: /common2/dh.huang.2023/code/cs701/data/checkpoints_phase_6/checkpoint-000.pth
Phase 6, Epoch 1, Loss: 1.0073099044387803
saved checkpoint: /common2/dh.huang.2023/code/cs701/data/checkpoints_phase_6/checkpoint-001.pth
Phase 6, Epoch 2, Loss: 0.6271331663186893
saved checkpoint: /common2/dh.huang.2023/code/cs701/data/checkpoints_phase_6/checkpoint-002.pth
Phase 6, Epoch 3, Loss: 0.4898727828189515
saved checkpoint: /common2/dh.huang.2023/code/cs701/data/checkpoints_phase_6/checkpoint-003.pth
Phase 6, Epoch 4, Loss: 0.40338460289178957
saved checkpoint: /common2/dh.huang.2023/code/cs701/data/checkpoints_phase_6/checkpoint-004.pth
Phase 6, Epoch 5, Loss: 0.34269137190530935
saved checkpoint: /common2/dh.huang.2023/code/cs701/data/checkpoints_phase_6/checkpoint-005.pth
Phase 6, Epoch 6, Loss: 0.29613938229293235
saved checkpoint: /common2/dh.huang.2023/code/cs701/data/checkpoints_phase_6/checkpoint-006.pth
Phase 6, Epoch 7, Loss: 0.2662041943121554
saved checkpoint: /common2/dh.huang.2023/code/cs701/data/checkpoints_phase_6/checkpoint-007.pth
Phase 6, Epoch 8, Loss: 0.25893978994400774
saved checkpoint: /common2/dh.huang.2023/code/cs701/data/checkpoints_phase_6/checkpoint-008.pth
Phase 6, Epoch 9, Loss: 0.2484393514254514
saved checkpoint: /common2/dh.huang.2023/code/cs701/data/checkpoints_phase_6/checkpoint-009.pth
Phase 6, Epoch 10, Loss: 0.24968862227499197
saved checkpoint: /common2/dh.huang.2023/code/cs701/data/checkpoints_phase_6/checkpoint-010.pth
Phase 6, Epoch 11, Loss: 0.24116895990868314
saved checkpoint: /common2/dh.huang.2023/code/cs701/data/checkpoints_phase_6/checkpoint-011.pth
Phase 6, Epoch 12, Loss: 0.23148157318969587
saved checkpoint: /common2/dh.huang.2023/code/cs701/data/checkpoints_phase_6/checkpoint-012.pth
Phase 6, Epoch 13, Loss: 0.24606126684806845
saved checkpoint: /common2/dh.huang.2023/code/cs701/data/checkpoints_phase_6/checkpoint-013.pth
Phase 6, Epoch 14, Loss: 0.22410932597107
saved checkpoint: /common2/dh.huang.2023/code/cs701/data/checkpoints_phase_6/checkpoint-014.pth
Phase 6, Epoch 15, Loss: 0.2295910928006802
saved checkpoint: /common2/dh.huang.2023/code/cs701/data/checkpoints_phase_6/checkpoint-015.pth
Phase 6, Epoch 16, Loss: 0.23382059374793632
saved checkpoint: /common2/dh.huang.2023/code/cs701/data/checkpoints_phase_6/checkpoint-016.pth
Phase 6, Epoch 17, Loss: 0.23266750516633977
saved checkpoint: /common2/dh.huang.2023/code/cs701/data/checkpoints_phase_6/checkpoint-017.pth
Phase 6, Epoch 18, Loss: 0.22693062455123048
saved checkpoint: /common2/dh.huang.2023/code/cs701/data/checkpoints_phase_6/checkpoint-018.pth
Phase 6, Epoch 19, Loss: 0.23129254786464723
saved checkpoint: /common2/dh.huang.2023/code/cs701/data/checkpoints_phase_6/checkpoint-019.pth
Phase 6, Epoch 20, Loss: 0.21644855614683323
saved checkpoint: /common2/dh.huang.2023/code/cs701/data/checkpoints_phase_6/checkpoint-020.pth
Phase 6, Epoch 21, Loss: 0.2322824912050536
saved checkpoint: /common2/dh.huang.2023/code/cs701/data/checkpoints_phase_6/checkpoint-021.pth
Phase 6, Epoch 22, Loss: 0.23607686943695194
saved checkpoint: /common2/dh.huang.2023/code/cs701/data/checkpoints_phase_6/checkpoint-022.pth
Phase 6, Epoch 23, Loss: 0.23209735616078833
saved checkpoint: /common2/dh.huang.2023/code/cs701/data/checkpoints_phase_6/checkpoint-023.pth
Phase 6, Epoch 24, Loss: 0.23629458655990307
saved checkpoint: /common2/dh.huang.2023/code/cs701/data/checkpoints_phase_6/checkpoint-024.pth
Phase 6, Epoch 25, Loss: 0.21882294729107715
saved checkpoint: /common2/dh.huang.2023/code/cs701/data/checkpoints_phase_6/checkpoint-025.pth
Phase 6, Epoch 26, Loss: 0.22642024681906117
saved checkpoint: /common2/dh.huang.2023/code/cs701/data/checkpoints_phase_6/checkpoint-026.pth
Phase 6, Epoch 27, Loss: 0.24096606552543381
saved checkpoint: /common2/dh.huang.2023/code/cs701/data/checkpoints_phase_6/checkpoint-027.pth
Phase 6, Epoch 28, Loss: 0.2385192938802787
saved checkpoint: /common2/dh.huang.2023/code/cs701/data/checkpoints_phase_6/checkpoint-028.pth
Phase 6, Epoch 29, Loss: 0.2343126588007983
saved checkpoint: /common2/dh.huang.2023/code/cs701/data/checkpoints_phase_6/checkpoint-029.pth
Phase 6, Epoch 30, Loss: 0.23069969690409323
saved checkpoint: /common2/dh.huang.2023/code/cs701/data/checkpoints_phase_6/checkpoint-030.pth
Phase 6, Epoch 31, Loss: 0.22106254774728645
saved checkpoint: /common2/dh.huang.2023/code/cs701/data/checkpoints_phase_6/checkpoint-031.pth
Phase 6, Epoch 32, Loss: 0.2234709077194089
saved checkpoint: /common2/dh.huang.2023/code/cs701/data/checkpoints_phase_6/checkpoint-032.pth
Phase 6, Epoch 33, Loss: 0.2301718290309667
saved checkpoint: /common2/dh.huang.2023/code/cs701/data/checkpoints_phase_6/checkpoint-033.pth
Phase 6, Epoch 34, Loss: 0.2316913740671704
saved checkpoint: /common2/dh.huang.2023/code/cs701/data/checkpoints_phase_6/checkpoint-034.pth
loaded checkpoint: /common2/dh.huang.2023/code/cs701/data/checkpoints_phase_6/checkpoint-000.pth
checkpoint: 0 - final accuracy:0.783
loaded checkpoint: /common2/dh.huang.2023/code/cs701/data/checkpoints_phase_6/checkpoint-001.pth
checkpoint: 1 - final accuracy:0.887
loaded checkpoint: /common2/dh.huang.2023/code/cs701/data/checkpoints_phase_6/checkpoint-002.pth
checkpoint: 2 - final accuracy:0.922
loaded checkpoint: /common2/dh.huang.2023/code/cs701/data/checkpoints_phase_6/checkpoint-003.pth
checkpoint: 3 - final accuracy:0.943
loaded checkpoint: /common2/dh.huang.2023/code/cs701/data/checkpoints_phase_6/checkpoint-004.pth
checkpoint: 4 - final accuracy:0.950
loaded checkpoint: /common2/dh.huang.2023/code/cs701/data/checkpoints_phase_6/checkpoint-005.pth
checkpoint: 5 - final accuracy:0.949
loaded checkpoint: /common2/dh.huang.2023/code/cs701/data/checkpoints_phase_6/checkpoint-006.pth
checkpoint: 6 - final accuracy:0.959
loaded checkpoint: /common2/dh.huang.2023/code/cs701/data/checkpoints_phase_6/checkpoint-007.pth
checkpoint: 7 - final accuracy:0.970
loaded checkpoint: /common2/dh.huang.2023/code/cs701/data/checkpoints_phase_6/checkpoint-008.pth
checkpoint: 8 - final accuracy:0.966
loaded checkpoint: /common2/dh.huang.2023/code/cs701/data/checkpoints_phase_6/checkpoint-009.pth
checkpoint: 9 - final accuracy:0.974
loaded checkpoint: /common2/dh.huang.2023/code/cs701/data/checkpoints_phase_6/checkpoint-010.pth
checkpoint:10 - final accuracy:0.972
loaded checkpoint: /common2/dh.huang.2023/code/cs701/data/checkpoints_phase_6/checkpoint-011.pth
checkpoint:11 - final accuracy:0.972
loaded checkpoint: /common2/dh.huang.2023/code/cs701/data/checkpoints_phase_6/checkpoint-012.pth
checkpoint:12 - final accuracy:0.974
loaded checkpoint: /common2/dh.huang.2023/code/cs701/data/checkpoints_phase_6/checkpoint-013.pth
checkpoint:13 - final accuracy:0.968
loaded checkpoint: /common2/dh.huang.2023/code/cs701/data/checkpoints_phase_6/checkpoint-014.pth
checkpoint:14 - final accuracy:0.974
loaded checkpoint: /common2/dh.huang.2023/code/cs701/data/checkpoints_phase_6/checkpoint-015.pth
checkpoint:15 - final accuracy:0.968
loaded checkpoint: /common2/dh.huang.2023/code/cs701/data/checkpoints_phase_6/checkpoint-016.pth
checkpoint:16 - final accuracy:0.970
loaded checkpoint: /common2/dh.huang.2023/code/cs701/data/checkpoints_phase_6/checkpoint-017.pth
checkpoint:17 - final accuracy:0.968
loaded checkpoint: /common2/dh.huang.2023/code/cs701/data/checkpoints_phase_6/checkpoint-018.pth
checkpoint:18 - final accuracy:0.970
loaded checkpoint: /common2/dh.huang.2023/code/cs701/data/checkpoints_phase_6/checkpoint-019.pth
checkpoint:19 - final accuracy:0.975
loaded checkpoint: /common2/dh.huang.2023/code/cs701/data/checkpoints_phase_6/checkpoint-020.pth
checkpoint:20 - final accuracy:0.974
loaded checkpoint: /common2/dh.huang.2023/code/cs701/data/checkpoints_phase_6/checkpoint-021.pth
checkpoint:21 - final accuracy:0.972
loaded checkpoint: /common2/dh.huang.2023/code/cs701/data/checkpoints_phase_6/checkpoint-022.pth
checkpoint:22 - final accuracy:0.976
loaded checkpoint: /common2/dh.huang.2023/code/cs701/data/checkpoints_phase_6/checkpoint-023.pth
checkpoint:23 - final accuracy:0.976
loaded checkpoint: /common2/dh.huang.2023/code/cs701/data/checkpoints_phase_6/checkpoint-024.pth
checkpoint:24 - final accuracy:0.978
loaded checkpoint: /common2/dh.huang.2023/code/cs701/data/checkpoints_phase_6/checkpoint-025.pth
checkpoint:25 - final accuracy:0.966
loaded checkpoint: /common2/dh.huang.2023/code/cs701/data/checkpoints_phase_6/checkpoint-026.pth
checkpoint:26 - final accuracy:0.972
loaded checkpoint: /common2/dh.huang.2023/code/cs701/data/checkpoints_phase_6/checkpoint-027.pth
checkpoint:27 - final accuracy:0.977
loaded checkpoint: /common2/dh.huang.2023/code/cs701/data/checkpoints_phase_6/checkpoint-028.pth
checkpoint:28 - final accuracy:0.970
loaded checkpoint: /common2/dh.huang.2023/code/cs701/data/checkpoints_phase_6/checkpoint-029.pth
checkpoint:29 - final accuracy:0.975
loaded checkpoint: /common2/dh.huang.2023/code/cs701/data/checkpoints_phase_6/checkpoint-030.pth
checkpoint:30 - final accuracy:0.970
loaded checkpoint: /common2/dh.huang.2023/code/cs701/data/checkpoints_phase_6/checkpoint-031.pth
checkpoint:31 - final accuracy:0.974
loaded checkpoint: /common2/dh.huang.2023/code/cs701/data/checkpoints_phase_6/checkpoint-032.pth
checkpoint:32 - final accuracy:0.976
loaded checkpoint: /common2/dh.huang.2023/code/cs701/data/checkpoints_phase_6/checkpoint-033.pth
checkpoint:33 - final accuracy:0.977
loaded checkpoint: /common2/dh.huang.2023/code/cs701/data/checkpoints_phase_6/checkpoint-034.pth
checkpoint:34 - final accuracy:0.977
*** phase: 6 epoch:24 - top accuracy:0.978
loaded checkpoint: /common2/dh.huang.2023/code/cs701/data/checkpoints_phase_6/checkpoint-024.pth
saved results to file: results/result_6.txt
Phase 7, Epoch 0, Loss: 2.5789262711730983
saved checkpoint: /common2/dh.huang.2023/code/cs701/data/checkpoints_phase_7/checkpoint-000.pth
Phase 7, Epoch 1, Loss: 0.9532325638074217
saved checkpoint: /common2/dh.huang.2023/code/cs701/data/checkpoints_phase_7/checkpoint-001.pth
Phase 7, Epoch 2, Loss: 0.6080399492662438
saved checkpoint: /common2/dh.huang.2023/code/cs701/data/checkpoints_phase_7/checkpoint-002.pth
Phase 7, Epoch 3, Loss: 0.4549182668199031
saved checkpoint: /common2/dh.huang.2023/code/cs701/data/checkpoints_phase_7/checkpoint-003.pth
Phase 7, Epoch 4, Loss: 0.40311756896263606
saved checkpoint: /common2/dh.huang.2023/code/cs701/data/checkpoints_phase_7/checkpoint-004.pth
Phase 7, Epoch 5, Loss: 0.3245857723583519
saved checkpoint: /common2/dh.huang.2023/code/cs701/data/checkpoints_phase_7/checkpoint-005.pth
Phase 7, Epoch 6, Loss: 0.2716607069092711
saved checkpoint: /common2/dh.huang.2023/code/cs701/data/checkpoints_phase_7/checkpoint-006.pth
Phase 7, Epoch 7, Loss: 0.25133842133825746
saved checkpoint: /common2/dh.huang.2023/code/cs701/data/checkpoints_phase_7/checkpoint-007.pth
Phase 7, Epoch 8, Loss: 0.2285558547623046
saved checkpoint: /common2/dh.huang.2023/code/cs701/data/checkpoints_phase_7/checkpoint-008.pth
Phase 7, Epoch 9, Loss: 0.2417087425246607
saved checkpoint: /common2/dh.huang.2023/code/cs701/data/checkpoints_phase_7/checkpoint-009.pth
Phase 7, Epoch 10, Loss: 0.22065668804544106
saved checkpoint: /common2/dh.huang.2023/code/cs701/data/checkpoints_phase_7/checkpoint-010.pth
Phase 7, Epoch 11, Loss: 0.2228624006038557
saved checkpoint: /common2/dh.huang.2023/code/cs701/data/checkpoints_phase_7/checkpoint-011.pth
Phase 7, Epoch 12, Loss: 0.21172245535560996
saved checkpoint: /common2/dh.huang.2023/code/cs701/data/checkpoints_phase_7/checkpoint-012.pth
Phase 7, Epoch 13, Loss: 0.219255995474685
saved checkpoint: /common2/dh.huang.2023/code/cs701/data/checkpoints_phase_7/checkpoint-013.pth
Phase 7, Epoch 14, Loss: 0.21569078359314353
saved checkpoint: /common2/dh.huang.2023/code/cs701/data/checkpoints_phase_7/checkpoint-014.pth
Phase 7, Epoch 15, Loss: 0.2142137193768441
saved checkpoint: /common2/dh.huang.2023/code/cs701/data/checkpoints_phase_7/checkpoint-015.pth
Phase 7, Epoch 16, Loss: 0.2127539894887112
saved checkpoint: /common2/dh.huang.2023/code/cs701/data/checkpoints_phase_7/checkpoint-016.pth
Phase 7, Epoch 17, Loss: 0.20590710428222947
saved checkpoint: /common2/dh.huang.2023/code/cs701/data/checkpoints_phase_7/checkpoint-017.pth
Phase 7, Epoch 18, Loss: 0.21617895058244282
saved checkpoint: /common2/dh.huang.2023/code/cs701/data/checkpoints_phase_7/checkpoint-018.pth
Phase 7, Epoch 19, Loss: 0.21012291335606564
saved checkpoint: /common2/dh.huang.2023/code/cs701/data/checkpoints_phase_7/checkpoint-019.pth
Phase 7, Epoch 20, Loss: 0.20999650601166825
saved checkpoint: /common2/dh.huang.2023/code/cs701/data/checkpoints_phase_7/checkpoint-020.pth
Phase 7, Epoch 21, Loss: 0.20972992843559388
saved checkpoint: /common2/dh.huang.2023/code/cs701/data/checkpoints_phase_7/checkpoint-021.pth
Phase 7, Epoch 22, Loss: 0.21095071434482274
saved checkpoint: /common2/dh.huang.2023/code/cs701/data/checkpoints_phase_7/checkpoint-022.pth
Phase 7, Epoch 23, Loss: 0.2241986343211647
saved checkpoint: /common2/dh.huang.2023/code/cs701/data/checkpoints_phase_7/checkpoint-023.pth
Phase 7, Epoch 24, Loss: 0.2071889969299077
saved checkpoint: /common2/dh.huang.2023/code/cs701/data/checkpoints_phase_7/checkpoint-024.pth
Phase 7, Epoch 25, Loss: 0.21170473598537737
saved checkpoint: /common2/dh.huang.2023/code/cs701/data/checkpoints_phase_7/checkpoint-025.pth
Phase 7, Epoch 26, Loss: 0.2123705496821508
saved checkpoint: /common2/dh.huang.2023/code/cs701/data/checkpoints_phase_7/checkpoint-026.pth
Phase 7, Epoch 27, Loss: 0.21075799954129565
saved checkpoint: /common2/dh.huang.2023/code/cs701/data/checkpoints_phase_7/checkpoint-027.pth
Phase 7, Epoch 28, Loss: 0.2158683838922098
saved checkpoint: /common2/dh.huang.2023/code/cs701/data/checkpoints_phase_7/checkpoint-028.pth
Phase 7, Epoch 29, Loss: 0.2104298494808539
saved checkpoint: /common2/dh.huang.2023/code/cs701/data/checkpoints_phase_7/checkpoint-029.pth
Phase 7, Epoch 30, Loss: 0.21691653227225063
saved checkpoint: /common2/dh.huang.2023/code/cs701/data/checkpoints_phase_7/checkpoint-030.pth
Phase 7, Epoch 31, Loss: 0.21004423116268772
saved checkpoint: /common2/dh.huang.2023/code/cs701/data/checkpoints_phase_7/checkpoint-031.pth
Phase 7, Epoch 32, Loss: 0.20357788987811662
saved checkpoint: /common2/dh.huang.2023/code/cs701/data/checkpoints_phase_7/checkpoint-032.pth
Phase 7, Epoch 33, Loss: 0.21730106172853145
saved checkpoint: /common2/dh.huang.2023/code/cs701/data/checkpoints_phase_7/checkpoint-033.pth
Phase 7, Epoch 34, Loss: 0.21108207784867
saved checkpoint: /common2/dh.huang.2023/code/cs701/data/checkpoints_phase_7/checkpoint-034.pth
Phase 7, Epoch 35, Loss: 0.20763230779258637
saved checkpoint: /common2/dh.huang.2023/code/cs701/data/checkpoints_phase_7/checkpoint-035.pth
Phase 7, Epoch 36, Loss: 0.20933434816492041
saved checkpoint: /common2/dh.huang.2023/code/cs701/data/checkpoints_phase_7/checkpoint-036.pth
Phase 7, Epoch 37, Loss: 0.22508400351190705
saved checkpoint: /common2/dh.huang.2023/code/cs701/data/checkpoints_phase_7/checkpoint-037.pth
Phase 7, Epoch 38, Loss: 0.2107690547995703
saved checkpoint: /common2/dh.huang.2023/code/cs701/data/checkpoints_phase_7/checkpoint-038.pth
Phase 7, Epoch 39, Loss: 0.21857919108518042
saved checkpoint: /common2/dh.huang.2023/code/cs701/data/checkpoints_phase_7/checkpoint-039.pth
loaded checkpoint: /common2/dh.huang.2023/code/cs701/data/checkpoints_phase_7/checkpoint-000.pth
checkpoint: 0 - final accuracy:0.837
loaded checkpoint: /common2/dh.huang.2023/code/cs701/data/checkpoints_phase_7/checkpoint-001.pth
checkpoint: 1 - final accuracy:0.896
loaded checkpoint: /common2/dh.huang.2023/code/cs701/data/checkpoints_phase_7/checkpoint-002.pth
checkpoint: 2 - final accuracy:0.929
loaded checkpoint: /common2/dh.huang.2023/code/cs701/data/checkpoints_phase_7/checkpoint-003.pth
checkpoint: 3 - final accuracy:0.943
loaded checkpoint: /common2/dh.huang.2023/code/cs701/data/checkpoints_phase_7/checkpoint-004.pth
checkpoint: 4 - final accuracy:0.955
loaded checkpoint: /common2/dh.huang.2023/code/cs701/data/checkpoints_phase_7/checkpoint-005.pth
checkpoint: 5 - final accuracy:0.955
loaded checkpoint: /common2/dh.huang.2023/code/cs701/data/checkpoints_phase_7/checkpoint-006.pth
checkpoint: 6 - final accuracy:0.956
loaded checkpoint: /common2/dh.huang.2023/code/cs701/data/checkpoints_phase_7/checkpoint-007.pth
checkpoint: 7 - final accuracy:0.961
loaded checkpoint: /common2/dh.huang.2023/code/cs701/data/checkpoints_phase_7/checkpoint-008.pth
checkpoint: 8 - final accuracy:0.963
loaded checkpoint: /common2/dh.huang.2023/code/cs701/data/checkpoints_phase_7/checkpoint-009.pth
checkpoint: 9 - final accuracy:0.961
loaded checkpoint: /common2/dh.huang.2023/code/cs701/data/checkpoints_phase_7/checkpoint-010.pth
checkpoint:10 - final accuracy:0.964
loaded checkpoint: /common2/dh.huang.2023/code/cs701/data/checkpoints_phase_7/checkpoint-011.pth
checkpoint:11 - final accuracy:0.963
loaded checkpoint: /common2/dh.huang.2023/code/cs701/data/checkpoints_phase_7/checkpoint-012.pth
checkpoint:12 - final accuracy:0.964
loaded checkpoint: /common2/dh.huang.2023/code/cs701/data/checkpoints_phase_7/checkpoint-013.pth
checkpoint:13 - final accuracy:0.961
loaded checkpoint: /common2/dh.huang.2023/code/cs701/data/checkpoints_phase_7/checkpoint-014.pth
checkpoint:14 - final accuracy:0.971
loaded checkpoint: /common2/dh.huang.2023/code/cs701/data/checkpoints_phase_7/checkpoint-015.pth
checkpoint:15 - final accuracy:0.961
loaded checkpoint: /common2/dh.huang.2023/code/cs701/data/checkpoints_phase_7/checkpoint-016.pth
checkpoint:16 - final accuracy:0.968
loaded checkpoint: /common2/dh.huang.2023/code/cs701/data/checkpoints_phase_7/checkpoint-017.pth
checkpoint:17 - final accuracy:0.966
loaded checkpoint: /common2/dh.huang.2023/code/cs701/data/checkpoints_phase_7/checkpoint-018.pth
checkpoint:18 - final accuracy:0.966
loaded checkpoint: /common2/dh.huang.2023/code/cs701/data/checkpoints_phase_7/checkpoint-019.pth
checkpoint:19 - final accuracy:0.968
loaded checkpoint: /common2/dh.huang.2023/code/cs701/data/checkpoints_phase_7/checkpoint-020.pth
checkpoint:20 - final accuracy:0.971
loaded checkpoint: /common2/dh.huang.2023/code/cs701/data/checkpoints_phase_7/checkpoint-021.pth
checkpoint:21 - final accuracy:0.965
loaded checkpoint: /common2/dh.huang.2023/code/cs701/data/checkpoints_phase_7/checkpoint-022.pth
checkpoint:22 - final accuracy:0.967
loaded checkpoint: /common2/dh.huang.2023/code/cs701/data/checkpoints_phase_7/checkpoint-023.pth
checkpoint:23 - final accuracy:0.971
loaded checkpoint: /common2/dh.huang.2023/code/cs701/data/checkpoints_phase_7/checkpoint-024.pth
checkpoint:24 - final accuracy:0.969
loaded checkpoint: /common2/dh.huang.2023/code/cs701/data/checkpoints_phase_7/checkpoint-025.pth
checkpoint:25 - final accuracy:0.966
loaded checkpoint: /common2/dh.huang.2023/code/cs701/data/checkpoints_phase_7/checkpoint-026.pth
checkpoint:26 - final accuracy:0.964
loaded checkpoint: /common2/dh.huang.2023/code/cs701/data/checkpoints_phase_7/checkpoint-027.pth
checkpoint:27 - final accuracy:0.965
loaded checkpoint: /common2/dh.huang.2023/code/cs701/data/checkpoints_phase_7/checkpoint-028.pth
checkpoint:28 - final accuracy:0.968
loaded checkpoint: /common2/dh.huang.2023/code/cs701/data/checkpoints_phase_7/checkpoint-029.pth
checkpoint:29 - final accuracy:0.961
loaded checkpoint: /common2/dh.huang.2023/code/cs701/data/checkpoints_phase_7/checkpoint-030.pth
checkpoint:30 - final accuracy:0.960
loaded checkpoint: /common2/dh.huang.2023/code/cs701/data/checkpoints_phase_7/checkpoint-031.pth
checkpoint:31 - final accuracy:0.963
loaded checkpoint: /common2/dh.huang.2023/code/cs701/data/checkpoints_phase_7/checkpoint-032.pth
checkpoint:32 - final accuracy:0.969
loaded checkpoint: /common2/dh.huang.2023/code/cs701/data/checkpoints_phase_7/checkpoint-033.pth
checkpoint:33 - final accuracy:0.973
loaded checkpoint: /common2/dh.huang.2023/code/cs701/data/checkpoints_phase_7/checkpoint-034.pth
checkpoint:34 - final accuracy:0.971
loaded checkpoint: /common2/dh.huang.2023/code/cs701/data/checkpoints_phase_7/checkpoint-035.pth
checkpoint:35 - final accuracy:0.971
loaded checkpoint: /common2/dh.huang.2023/code/cs701/data/checkpoints_phase_7/checkpoint-036.pth
checkpoint:36 - final accuracy:0.970
loaded checkpoint: /common2/dh.huang.2023/code/cs701/data/checkpoints_phase_7/checkpoint-037.pth
checkpoint:37 - final accuracy:0.965
loaded checkpoint: /common2/dh.huang.2023/code/cs701/data/checkpoints_phase_7/checkpoint-038.pth
checkpoint:38 - final accuracy:0.963
loaded checkpoint: /common2/dh.huang.2023/code/cs701/data/checkpoints_phase_7/checkpoint-039.pth
checkpoint:39 - final accuracy:0.966
*** phase: 7 epoch:33 - top accuracy:0.973
loaded checkpoint: /common2/dh.huang.2023/code/cs701/data/checkpoints_phase_7/checkpoint-033.pth
saved results to file: results/result_7.txt
Phase 8, Epoch 0, Loss: 2.5572064981085165
saved checkpoint: /common2/dh.huang.2023/code/cs701/data/checkpoints_phase_8/checkpoint-000.pth
Phase 8, Epoch 1, Loss: 0.8936806994252534
saved checkpoint: /common2/dh.huang.2023/code/cs701/data/checkpoints_phase_8/checkpoint-001.pth
Phase 8, Epoch 2, Loss: 0.5622599817174744
saved checkpoint: /common2/dh.huang.2023/code/cs701/data/checkpoints_phase_8/checkpoint-002.pth
Phase 8, Epoch 3, Loss: 0.4334692629548607
saved checkpoint: /common2/dh.huang.2023/code/cs701/data/checkpoints_phase_8/checkpoint-003.pth
Phase 8, Epoch 4, Loss: 0.3689820993760296
saved checkpoint: /common2/dh.huang.2023/code/cs701/data/checkpoints_phase_8/checkpoint-004.pth
Phase 8, Epoch 5, Loss: 0.29952416341629384
saved checkpoint: /common2/dh.huang.2023/code/cs701/data/checkpoints_phase_8/checkpoint-005.pth
Phase 8, Epoch 6, Loss: 0.25264355369146313
saved checkpoint: /common2/dh.huang.2023/code/cs701/data/checkpoints_phase_8/checkpoint-006.pth
Phase 8, Epoch 7, Loss: 0.22041966838499147
saved checkpoint: /common2/dh.huang.2023/code/cs701/data/checkpoints_phase_8/checkpoint-007.pth
Phase 8, Epoch 8, Loss: 0.21704423134832357
saved checkpoint: /common2/dh.huang.2023/code/cs701/data/checkpoints_phase_8/checkpoint-008.pth
Phase 8, Epoch 9, Loss: 0.21447890839795422
saved checkpoint: /common2/dh.huang.2023/code/cs701/data/checkpoints_phase_8/checkpoint-009.pth
Phase 8, Epoch 10, Loss: 0.20909519559771372
saved checkpoint: /common2/dh.huang.2023/code/cs701/data/checkpoints_phase_8/checkpoint-010.pth
Phase 8, Epoch 11, Loss: 0.20688695475356852
saved checkpoint: /common2/dh.huang.2023/code/cs701/data/checkpoints_phase_8/checkpoint-011.pth
Phase 8, Epoch 12, Loss: 0.20441159477902043
saved checkpoint: /common2/dh.huang.2023/code/cs701/data/checkpoints_phase_8/checkpoint-012.pth
Phase 8, Epoch 13, Loss: 0.2040006500928141
saved checkpoint: /common2/dh.huang.2023/code/cs701/data/checkpoints_phase_8/checkpoint-013.pth
Phase 8, Epoch 14, Loss: 0.2036267977279203
saved checkpoint: /common2/dh.huang.2023/code/cs701/data/checkpoints_phase_8/checkpoint-014.pth
Phase 8, Epoch 15, Loss: 0.2026549782637613
saved checkpoint: /common2/dh.huang.2023/code/cs701/data/checkpoints_phase_8/checkpoint-015.pth
Phase 8, Epoch 16, Loss: 0.20186957662051316
saved checkpoint: /common2/dh.huang.2023/code/cs701/data/checkpoints_phase_8/checkpoint-016.pth
Phase 8, Epoch 17, Loss: 0.1920744281634823
saved checkpoint: /common2/dh.huang.2023/code/cs701/data/checkpoints_phase_8/checkpoint-017.pth
Phase 8, Epoch 18, Loss: 0.1928006416625949
saved checkpoint: /common2/dh.huang.2023/code/cs701/data/checkpoints_phase_8/checkpoint-018.pth
Phase 8, Epoch 19, Loss: 0.1965374854249014
saved checkpoint: /common2/dh.huang.2023/code/cs701/data/checkpoints_phase_8/checkpoint-019.pth
Phase 8, Epoch 20, Loss: 0.1999583580985574
saved checkpoint: /common2/dh.huang.2023/code/cs701/data/checkpoints_phase_8/checkpoint-020.pth
Phase 8, Epoch 21, Loss: 0.1995343015098365
saved checkpoint: /common2/dh.huang.2023/code/cs701/data/checkpoints_phase_8/checkpoint-021.pth
Phase 8, Epoch 22, Loss: 0.19051733713108696
saved checkpoint: /common2/dh.huang.2023/code/cs701/data/checkpoints_phase_8/checkpoint-022.pth
Phase 8, Epoch 23, Loss: 0.19702781030269856
saved checkpoint: /common2/dh.huang.2023/code/cs701/data/checkpoints_phase_8/checkpoint-023.pth
Phase 8, Epoch 24, Loss: 0.18993327235779464
saved checkpoint: /common2/dh.huang.2023/code/cs701/data/checkpoints_phase_8/checkpoint-024.pth
Phase 8, Epoch 25, Loss: 0.18949853452632212
saved checkpoint: /common2/dh.huang.2023/code/cs701/data/checkpoints_phase_8/checkpoint-025.pth
Phase 8, Epoch 26, Loss: 0.19909337885158507
saved checkpoint: /common2/dh.huang.2023/code/cs701/data/checkpoints_phase_8/checkpoint-026.pth
Phase 8, Epoch 27, Loss: 0.19494776596184368
saved checkpoint: /common2/dh.huang.2023/code/cs701/data/checkpoints_phase_8/checkpoint-027.pth
Phase 8, Epoch 28, Loss: 0.19220070907379927
saved checkpoint: /common2/dh.huang.2023/code/cs701/data/checkpoints_phase_8/checkpoint-028.pth
Phase 8, Epoch 29, Loss: 0.19453161061563487
saved checkpoint: /common2/dh.huang.2023/code/cs701/data/checkpoints_phase_8/checkpoint-029.pth
Phase 8, Epoch 30, Loss: 0.19444766043325157
saved checkpoint: /common2/dh.huang.2023/code/cs701/data/checkpoints_phase_8/checkpoint-030.pth
Phase 8, Epoch 31, Loss: 0.19901736650539245
saved checkpoint: /common2/dh.huang.2023/code/cs701/data/checkpoints_phase_8/checkpoint-031.pth
Phase 8, Epoch 32, Loss: 0.1953788773167129
saved checkpoint: /common2/dh.huang.2023/code/cs701/data/checkpoints_phase_8/checkpoint-032.pth
Phase 8, Epoch 33, Loss: 0.1912134348076145
saved checkpoint: /common2/dh.huang.2023/code/cs701/data/checkpoints_phase_8/checkpoint-033.pth
Phase 8, Epoch 34, Loss: 0.1877755993710136
saved checkpoint: /common2/dh.huang.2023/code/cs701/data/checkpoints_phase_8/checkpoint-034.pth
Phase 8, Epoch 35, Loss: 0.19116533627015841
saved checkpoint: /common2/dh.huang.2023/code/cs701/data/checkpoints_phase_8/checkpoint-035.pth
Phase 8, Epoch 36, Loss: 0.20029156239896356
saved checkpoint: /common2/dh.huang.2023/code/cs701/data/checkpoints_phase_8/checkpoint-036.pth
Phase 8, Epoch 37, Loss: 0.2029689371090755
saved checkpoint: /common2/dh.huang.2023/code/cs701/data/checkpoints_phase_8/checkpoint-037.pth
Phase 8, Epoch 38, Loss: 0.19923593093660946
saved checkpoint: /common2/dh.huang.2023/code/cs701/data/checkpoints_phase_8/checkpoint-038.pth
Phase 8, Epoch 39, Loss: 0.18757682416619012
saved checkpoint: /common2/dh.huang.2023/code/cs701/data/checkpoints_phase_8/checkpoint-039.pth
Phase 8, Epoch 40, Loss: 0.19139847683536312
saved checkpoint: /common2/dh.huang.2023/code/cs701/data/checkpoints_phase_8/checkpoint-040.pth
Phase 8, Epoch 41, Loss: 0.1935624742860956
saved checkpoint: /common2/dh.huang.2023/code/cs701/data/checkpoints_phase_8/checkpoint-041.pth
Phase 8, Epoch 42, Loss: 0.1895727148422828
saved checkpoint: /common2/dh.huang.2023/code/cs701/data/checkpoints_phase_8/checkpoint-042.pth
Phase 8, Epoch 43, Loss: 0.1831864870899031
saved checkpoint: /common2/dh.huang.2023/code/cs701/data/checkpoints_phase_8/checkpoint-043.pth
Phase 8, Epoch 44, Loss: 0.18612683331677957
saved checkpoint: /common2/dh.huang.2023/code/cs701/data/checkpoints_phase_8/checkpoint-044.pth
loaded checkpoint: /common2/dh.huang.2023/code/cs701/data/checkpoints_phase_8/checkpoint-000.pth
checkpoint: 0 - final accuracy:0.823
loaded checkpoint: /common2/dh.huang.2023/code/cs701/data/checkpoints_phase_8/checkpoint-001.pth
checkpoint: 1 - final accuracy:0.893
loaded checkpoint: /common2/dh.huang.2023/code/cs701/data/checkpoints_phase_8/checkpoint-002.pth
checkpoint: 2 - final accuracy:0.904
loaded checkpoint: /common2/dh.huang.2023/code/cs701/data/checkpoints_phase_8/checkpoint-003.pth
checkpoint: 3 - final accuracy:0.919
loaded checkpoint: /common2/dh.huang.2023/code/cs701/data/checkpoints_phase_8/checkpoint-004.pth
checkpoint: 4 - final accuracy:0.930
loaded checkpoint: /common2/dh.huang.2023/code/cs701/data/checkpoints_phase_8/checkpoint-005.pth
checkpoint: 5 - final accuracy:0.932
loaded checkpoint: /common2/dh.huang.2023/code/cs701/data/checkpoints_phase_8/checkpoint-006.pth
checkpoint: 6 - final accuracy:0.945
loaded checkpoint: /common2/dh.huang.2023/code/cs701/data/checkpoints_phase_8/checkpoint-007.pth
checkpoint: 7 - final accuracy:0.959
loaded checkpoint: /common2/dh.huang.2023/code/cs701/data/checkpoints_phase_8/checkpoint-008.pth
checkpoint: 8 - final accuracy:0.954
loaded checkpoint: /common2/dh.huang.2023/code/cs701/data/checkpoints_phase_8/checkpoint-009.pth
checkpoint: 9 - final accuracy:0.970
loaded checkpoint: /common2/dh.huang.2023/code/cs701/data/checkpoints_phase_8/checkpoint-010.pth
checkpoint:10 - final accuracy:0.966
loaded checkpoint: /common2/dh.huang.2023/code/cs701/data/checkpoints_phase_8/checkpoint-011.pth
checkpoint:11 - final accuracy:0.956
loaded checkpoint: /common2/dh.huang.2023/code/cs701/data/checkpoints_phase_8/checkpoint-012.pth
checkpoint:12 - final accuracy:0.965
loaded checkpoint: /common2/dh.huang.2023/code/cs701/data/checkpoints_phase_8/checkpoint-013.pth
checkpoint:13 - final accuracy:0.961
loaded checkpoint: /common2/dh.huang.2023/code/cs701/data/checkpoints_phase_8/checkpoint-014.pth
checkpoint:14 - final accuracy:0.965
loaded checkpoint: /common2/dh.huang.2023/code/cs701/data/checkpoints_phase_8/checkpoint-015.pth
checkpoint:15 - final accuracy:0.962
loaded checkpoint: /common2/dh.huang.2023/code/cs701/data/checkpoints_phase_8/checkpoint-016.pth
checkpoint:16 - final accuracy:0.968
loaded checkpoint: /common2/dh.huang.2023/code/cs701/data/checkpoints_phase_8/checkpoint-017.pth
checkpoint:17 - final accuracy:0.963
loaded checkpoint: /common2/dh.huang.2023/code/cs701/data/checkpoints_phase_8/checkpoint-018.pth
checkpoint:18 - final accuracy:0.968
loaded checkpoint: /common2/dh.huang.2023/code/cs701/data/checkpoints_phase_8/checkpoint-019.pth
checkpoint:19 - final accuracy:0.959
loaded checkpoint: /common2/dh.huang.2023/code/cs701/data/checkpoints_phase_8/checkpoint-020.pth
checkpoint:20 - final accuracy:0.965
loaded checkpoint: /common2/dh.huang.2023/code/cs701/data/checkpoints_phase_8/checkpoint-021.pth
checkpoint:21 - final accuracy:0.963
loaded checkpoint: /common2/dh.huang.2023/code/cs701/data/checkpoints_phase_8/checkpoint-022.pth
checkpoint:22 - final accuracy:0.971
loaded checkpoint: /common2/dh.huang.2023/code/cs701/data/checkpoints_phase_8/checkpoint-023.pth
checkpoint:23 - final accuracy:0.961
loaded checkpoint: /common2/dh.huang.2023/code/cs701/data/checkpoints_phase_8/checkpoint-024.pth
checkpoint:24 - final accuracy:0.957
loaded checkpoint: /common2/dh.huang.2023/code/cs701/data/checkpoints_phase_8/checkpoint-025.pth
checkpoint:25 - final accuracy:0.966
loaded checkpoint: /common2/dh.huang.2023/code/cs701/data/checkpoints_phase_8/checkpoint-026.pth
checkpoint:26 - final accuracy:0.966
loaded checkpoint: /common2/dh.huang.2023/code/cs701/data/checkpoints_phase_8/checkpoint-027.pth
checkpoint:27 - final accuracy:0.963
loaded checkpoint: /common2/dh.huang.2023/code/cs701/data/checkpoints_phase_8/checkpoint-028.pth
checkpoint:28 - final accuracy:0.964
loaded checkpoint: /common2/dh.huang.2023/code/cs701/data/checkpoints_phase_8/checkpoint-029.pth
checkpoint:29 - final accuracy:0.964
loaded checkpoint: /common2/dh.huang.2023/code/cs701/data/checkpoints_phase_8/checkpoint-030.pth
checkpoint:30 - final accuracy:0.965
loaded checkpoint: /common2/dh.huang.2023/code/cs701/data/checkpoints_phase_8/checkpoint-031.pth
checkpoint:31 - final accuracy:0.968
loaded checkpoint: /common2/dh.huang.2023/code/cs701/data/checkpoints_phase_8/checkpoint-032.pth
checkpoint:32 - final accuracy:0.966
loaded checkpoint: /common2/dh.huang.2023/code/cs701/data/checkpoints_phase_8/checkpoint-033.pth
checkpoint:33 - final accuracy:0.952
loaded checkpoint: /common2/dh.huang.2023/code/cs701/data/checkpoints_phase_8/checkpoint-034.pth
checkpoint:34 - final accuracy:0.972
loaded checkpoint: /common2/dh.huang.2023/code/cs701/data/checkpoints_phase_8/checkpoint-035.pth
checkpoint:35 - final accuracy:0.967
loaded checkpoint: /common2/dh.huang.2023/code/cs701/data/checkpoints_phase_8/checkpoint-036.pth
checkpoint:36 - final accuracy:0.952
loaded checkpoint: /common2/dh.huang.2023/code/cs701/data/checkpoints_phase_8/checkpoint-037.pth
checkpoint:37 - final accuracy:0.956
loaded checkpoint: /common2/dh.huang.2023/code/cs701/data/checkpoints_phase_8/checkpoint-038.pth
checkpoint:38 - final accuracy:0.954
loaded checkpoint: /common2/dh.huang.2023/code/cs701/data/checkpoints_phase_8/checkpoint-039.pth
checkpoint:39 - final accuracy:0.965
loaded checkpoint: /common2/dh.huang.2023/code/cs701/data/checkpoints_phase_8/checkpoint-040.pth
checkpoint:40 - final accuracy:0.959
loaded checkpoint: /common2/dh.huang.2023/code/cs701/data/checkpoints_phase_8/checkpoint-041.pth
checkpoint:41 - final accuracy:0.966
loaded checkpoint: /common2/dh.huang.2023/code/cs701/data/checkpoints_phase_8/checkpoint-042.pth
checkpoint:42 - final accuracy:0.963
loaded checkpoint: /common2/dh.huang.2023/code/cs701/data/checkpoints_phase_8/checkpoint-043.pth
checkpoint:43 - final accuracy:0.968
loaded checkpoint: /common2/dh.huang.2023/code/cs701/data/checkpoints_phase_8/checkpoint-044.pth
checkpoint:44 - final accuracy:0.965
*** phase: 8 epoch:34 - top accuracy:0.972
loaded checkpoint: /common2/dh.huang.2023/code/cs701/data/checkpoints_phase_8/checkpoint-034.pth
saved results to file: results/result_8.txt
Phase 9, Epoch 0, Loss: 2.5344470601461846
saved checkpoint: /common2/dh.huang.2023/code/cs701/data/checkpoints_phase_9/checkpoint-000.pth
Phase 9, Epoch 1, Loss: 0.8166905738853857
saved checkpoint: /common2/dh.huang.2023/code/cs701/data/checkpoints_phase_9/checkpoint-001.pth
Phase 9, Epoch 2, Loss: 0.5162299211043625
saved checkpoint: /common2/dh.huang.2023/code/cs701/data/checkpoints_phase_9/checkpoint-002.pth
Phase 9, Epoch 3, Loss: 0.39332051992722833
saved checkpoint: /common2/dh.huang.2023/code/cs701/data/checkpoints_phase_9/checkpoint-003.pth
Phase 9, Epoch 4, Loss: 0.312307566557568
saved checkpoint: /common2/dh.huang.2023/code/cs701/data/checkpoints_phase_9/checkpoint-004.pth
Phase 9, Epoch 5, Loss: 0.25338629979860505
saved checkpoint: /common2/dh.huang.2023/code/cs701/data/checkpoints_phase_9/checkpoint-005.pth
Phase 9, Epoch 6, Loss: 0.23149214127606169
saved checkpoint: /common2/dh.huang.2023/code/cs701/data/checkpoints_phase_9/checkpoint-006.pth
Phase 9, Epoch 7, Loss: 0.20556227678964561
saved checkpoint: /common2/dh.huang.2023/code/cs701/data/checkpoints_phase_9/checkpoint-007.pth
Phase 9, Epoch 8, Loss: 0.18669540078826918
saved checkpoint: /common2/dh.huang.2023/code/cs701/data/checkpoints_phase_9/checkpoint-008.pth
Phase 9, Epoch 9, Loss: 0.19108475968816285
saved checkpoint: /common2/dh.huang.2023/code/cs701/data/checkpoints_phase_9/checkpoint-009.pth
Phase 9, Epoch 10, Loss: 0.1874562085134511
saved checkpoint: /common2/dh.huang.2023/code/cs701/data/checkpoints_phase_9/checkpoint-010.pth
Phase 9, Epoch 11, Loss: 0.18013134240567838
saved checkpoint: /common2/dh.huang.2023/code/cs701/data/checkpoints_phase_9/checkpoint-011.pth
Phase 9, Epoch 12, Loss: 0.17387445066076318
saved checkpoint: /common2/dh.huang.2023/code/cs701/data/checkpoints_phase_9/checkpoint-012.pth
Phase 9, Epoch 13, Loss: 0.18368741578798367
saved checkpoint: /common2/dh.huang.2023/code/cs701/data/checkpoints_phase_9/checkpoint-013.pth
Phase 9, Epoch 14, Loss: 0.17039017808314766
saved checkpoint: /common2/dh.huang.2023/code/cs701/data/checkpoints_phase_9/checkpoint-014.pth
Phase 9, Epoch 15, Loss: 0.16895299359849608
saved checkpoint: /common2/dh.huang.2023/code/cs701/data/checkpoints_phase_9/checkpoint-015.pth
Phase 9, Epoch 16, Loss: 0.17239102751859356
saved checkpoint: /common2/dh.huang.2023/code/cs701/data/checkpoints_phase_9/checkpoint-016.pth
Phase 9, Epoch 17, Loss: 0.18131837729546588
saved checkpoint: /common2/dh.huang.2023/code/cs701/data/checkpoints_phase_9/checkpoint-017.pth
Phase 9, Epoch 18, Loss: 0.17538875115408076
saved checkpoint: /common2/dh.huang.2023/code/cs701/data/checkpoints_phase_9/checkpoint-018.pth
Phase 9, Epoch 19, Loss: 0.1706399159137265
saved checkpoint: /common2/dh.huang.2023/code/cs701/data/checkpoints_phase_9/checkpoint-019.pth
Phase 9, Epoch 20, Loss: 0.17868814950660444
saved checkpoint: /common2/dh.huang.2023/code/cs701/data/checkpoints_phase_9/checkpoint-020.pth
Phase 9, Epoch 21, Loss: 0.16534310600368407
saved checkpoint: /common2/dh.huang.2023/code/cs701/data/checkpoints_phase_9/checkpoint-021.pth
Phase 9, Epoch 22, Loss: 0.16556487081136678
saved checkpoint: /common2/dh.huang.2023/code/cs701/data/checkpoints_phase_9/checkpoint-022.pth
Phase 9, Epoch 23, Loss: 0.17432070801221314
saved checkpoint: /common2/dh.huang.2023/code/cs701/data/checkpoints_phase_9/checkpoint-023.pth
Phase 9, Epoch 24, Loss: 0.18236569394680713
saved checkpoint: /common2/dh.huang.2023/code/cs701/data/checkpoints_phase_9/checkpoint-024.pth
Phase 9, Epoch 25, Loss: 0.1783328314041264
saved checkpoint: /common2/dh.huang.2023/code/cs701/data/checkpoints_phase_9/checkpoint-025.pth
Phase 9, Epoch 26, Loss: 0.17094926149189318
saved checkpoint: /common2/dh.huang.2023/code/cs701/data/checkpoints_phase_9/checkpoint-026.pth
Phase 9, Epoch 27, Loss: 0.17772435749327922
saved checkpoint: /common2/dh.huang.2023/code/cs701/data/checkpoints_phase_9/checkpoint-027.pth
Phase 9, Epoch 28, Loss: 0.1634906140038777
saved checkpoint: /common2/dh.huang.2023/code/cs701/data/checkpoints_phase_9/checkpoint-028.pth
Phase 9, Epoch 29, Loss: 0.17082284534575087
saved checkpoint: /common2/dh.huang.2023/code/cs701/data/checkpoints_phase_9/checkpoint-029.pth
Phase 9, Epoch 30, Loss: 0.1716652816319527
saved checkpoint: /common2/dh.huang.2023/code/cs701/data/checkpoints_phase_9/checkpoint-030.pth
Phase 9, Epoch 31, Loss: 0.16716695328872738
saved checkpoint: /common2/dh.huang.2023/code/cs701/data/checkpoints_phase_9/checkpoint-031.pth
Phase 9, Epoch 32, Loss: 0.1744513902861079
saved checkpoint: /common2/dh.huang.2023/code/cs701/data/checkpoints_phase_9/checkpoint-032.pth
Phase 9, Epoch 33, Loss: 0.16677235889519088
saved checkpoint: /common2/dh.huang.2023/code/cs701/data/checkpoints_phase_9/checkpoint-033.pth
Phase 9, Epoch 34, Loss: 0.17161755438099177
saved checkpoint: /common2/dh.huang.2023/code/cs701/data/checkpoints_phase_9/checkpoint-034.pth
Phase 9, Epoch 35, Loss: 0.17340002959752143
saved checkpoint: /common2/dh.huang.2023/code/cs701/data/checkpoints_phase_9/checkpoint-035.pth
Phase 9, Epoch 36, Loss: 0.17623693202945445
saved checkpoint: /common2/dh.huang.2023/code/cs701/data/checkpoints_phase_9/checkpoint-036.pth
Phase 9, Epoch 37, Loss: 0.1703396194200283
saved checkpoint: /common2/dh.huang.2023/code/cs701/data/checkpoints_phase_9/checkpoint-037.pth
Phase 9, Epoch 38, Loss: 0.17704896132789724
saved checkpoint: /common2/dh.huang.2023/code/cs701/data/checkpoints_phase_9/checkpoint-038.pth
Phase 9, Epoch 39, Loss: 0.16828609110457118
saved checkpoint: /common2/dh.huang.2023/code/cs701/data/checkpoints_phase_9/checkpoint-039.pth
Phase 9, Epoch 40, Loss: 0.16952525289935133
saved checkpoint: /common2/dh.huang.2023/code/cs701/data/checkpoints_phase_9/checkpoint-040.pth
Phase 9, Epoch 41, Loss: 0.171000809913889
saved checkpoint: /common2/dh.huang.2023/code/cs701/data/checkpoints_phase_9/checkpoint-041.pth
Phase 9, Epoch 42, Loss: 0.15723853669390273
saved checkpoint: /common2/dh.huang.2023/code/cs701/data/checkpoints_phase_9/checkpoint-042.pth
Phase 9, Epoch 43, Loss: 0.1653778055792909
saved checkpoint: /common2/dh.huang.2023/code/cs701/data/checkpoints_phase_9/checkpoint-043.pth
Phase 9, Epoch 44, Loss: 0.16795624511024332
saved checkpoint: /common2/dh.huang.2023/code/cs701/data/checkpoints_phase_9/checkpoint-044.pth
Phase 9, Epoch 45, Loss: 0.17231627576685196
saved checkpoint: /common2/dh.huang.2023/code/cs701/data/checkpoints_phase_9/checkpoint-045.pth
Phase 9, Epoch 46, Loss: 0.17440560902528715
saved checkpoint: /common2/dh.huang.2023/code/cs701/data/checkpoints_phase_9/checkpoint-046.pth
Phase 9, Epoch 47, Loss: 0.17356817500909988
saved checkpoint: /common2/dh.huang.2023/code/cs701/data/checkpoints_phase_9/checkpoint-047.pth
Phase 9, Epoch 48, Loss: 0.1780477480479255
saved checkpoint: /common2/dh.huang.2023/code/cs701/data/checkpoints_phase_9/checkpoint-048.pth
Phase 9, Epoch 49, Loss: 0.17209920990053362
saved checkpoint: /common2/dh.huang.2023/code/cs701/data/checkpoints_phase_9/checkpoint-049.pth
loaded checkpoint: /common2/dh.huang.2023/code/cs701/data/checkpoints_phase_9/checkpoint-000.pth
checkpoint: 0 - final accuracy:0.819
loaded checkpoint: /common2/dh.huang.2023/code/cs701/data/checkpoints_phase_9/checkpoint-001.pth
checkpoint: 1 - final accuracy:0.906
loaded checkpoint: /common2/dh.huang.2023/code/cs701/data/checkpoints_phase_9/checkpoint-002.pth
checkpoint: 2 - final accuracy:0.928
loaded checkpoint: /common2/dh.huang.2023/code/cs701/data/checkpoints_phase_9/checkpoint-003.pth
checkpoint: 3 - final accuracy:0.943
loaded checkpoint: /common2/dh.huang.2023/code/cs701/data/checkpoints_phase_9/checkpoint-004.pth
checkpoint: 4 - final accuracy:0.957
loaded checkpoint: /common2/dh.huang.2023/code/cs701/data/checkpoints_phase_9/checkpoint-005.pth
checkpoint: 5 - final accuracy:0.948
loaded checkpoint: /common2/dh.huang.2023/code/cs701/data/checkpoints_phase_9/checkpoint-006.pth
checkpoint: 6 - final accuracy:0.961
loaded checkpoint: /common2/dh.huang.2023/code/cs701/data/checkpoints_phase_9/checkpoint-007.pth
checkpoint: 7 - final accuracy:0.960
loaded checkpoint: /common2/dh.huang.2023/code/cs701/data/checkpoints_phase_9/checkpoint-008.pth
checkpoint: 8 - final accuracy:0.969
loaded checkpoint: /common2/dh.huang.2023/code/cs701/data/checkpoints_phase_9/checkpoint-009.pth
checkpoint: 9 - final accuracy:0.964
loaded checkpoint: /common2/dh.huang.2023/code/cs701/data/checkpoints_phase_9/checkpoint-010.pth
checkpoint:10 - final accuracy:0.965
loaded checkpoint: /common2/dh.huang.2023/code/cs701/data/checkpoints_phase_9/checkpoint-011.pth
checkpoint:11 - final accuracy:0.970
loaded checkpoint: /common2/dh.huang.2023/code/cs701/data/checkpoints_phase_9/checkpoint-012.pth
checkpoint:12 - final accuracy:0.968
loaded checkpoint: /common2/dh.huang.2023/code/cs701/data/checkpoints_phase_9/checkpoint-013.pth
checkpoint:13 - final accuracy:0.969
loaded checkpoint: /common2/dh.huang.2023/code/cs701/data/checkpoints_phase_9/checkpoint-014.pth
checkpoint:14 - final accuracy:0.965
loaded checkpoint: /common2/dh.huang.2023/code/cs701/data/checkpoints_phase_9/checkpoint-015.pth
checkpoint:15 - final accuracy:0.969
loaded checkpoint: /common2/dh.huang.2023/code/cs701/data/checkpoints_phase_9/checkpoint-016.pth
checkpoint:16 - final accuracy:0.969
loaded checkpoint: /common2/dh.huang.2023/code/cs701/data/checkpoints_phase_9/checkpoint-017.pth
checkpoint:17 - final accuracy:0.970
loaded checkpoint: /common2/dh.huang.2023/code/cs701/data/checkpoints_phase_9/checkpoint-018.pth
checkpoint:18 - final accuracy:0.968
loaded checkpoint: /common2/dh.huang.2023/code/cs701/data/checkpoints_phase_9/checkpoint-019.pth
checkpoint:19 - final accuracy:0.971
loaded checkpoint: /common2/dh.huang.2023/code/cs701/data/checkpoints_phase_9/checkpoint-020.pth
checkpoint:20 - final accuracy:0.965
loaded checkpoint: /common2/dh.huang.2023/code/cs701/data/checkpoints_phase_9/checkpoint-021.pth
checkpoint:21 - final accuracy:0.969
loaded checkpoint: /common2/dh.huang.2023/code/cs701/data/checkpoints_phase_9/checkpoint-022.pth
checkpoint:22 - final accuracy:0.969
loaded checkpoint: /common2/dh.huang.2023/code/cs701/data/checkpoints_phase_9/checkpoint-023.pth
checkpoint:23 - final accuracy:0.973
loaded checkpoint: /common2/dh.huang.2023/code/cs701/data/checkpoints_phase_9/checkpoint-024.pth
checkpoint:24 - final accuracy:0.970
loaded checkpoint: /common2/dh.huang.2023/code/cs701/data/checkpoints_phase_9/checkpoint-025.pth
checkpoint:25 - final accuracy:0.970
loaded checkpoint: /common2/dh.huang.2023/code/cs701/data/checkpoints_phase_9/checkpoint-026.pth
checkpoint:26 - final accuracy:0.968
loaded checkpoint: /common2/dh.huang.2023/code/cs701/data/checkpoints_phase_9/checkpoint-027.pth
checkpoint:27 - final accuracy:0.968
loaded checkpoint: /common2/dh.huang.2023/code/cs701/data/checkpoints_phase_9/checkpoint-028.pth
checkpoint:28 - final accuracy:0.973
loaded checkpoint: /common2/dh.huang.2023/code/cs701/data/checkpoints_phase_9/checkpoint-029.pth
checkpoint:29 - final accuracy:0.971
loaded checkpoint: /common2/dh.huang.2023/code/cs701/data/checkpoints_phase_9/checkpoint-030.pth
checkpoint:30 - final accuracy:0.969
loaded checkpoint: /common2/dh.huang.2023/code/cs701/data/checkpoints_phase_9/checkpoint-031.pth
checkpoint:31 - final accuracy:0.967
loaded checkpoint: /common2/dh.huang.2023/code/cs701/data/checkpoints_phase_9/checkpoint-032.pth
checkpoint:32 - final accuracy:0.971
loaded checkpoint: /common2/dh.huang.2023/code/cs701/data/checkpoints_phase_9/checkpoint-033.pth
checkpoint:33 - final accuracy:0.966
loaded checkpoint: /common2/dh.huang.2023/code/cs701/data/checkpoints_phase_9/checkpoint-034.pth
checkpoint:34 - final accuracy:0.969
loaded checkpoint: /common2/dh.huang.2023/code/cs701/data/checkpoints_phase_9/checkpoint-035.pth
checkpoint:35 - final accuracy:0.970
loaded checkpoint: /common2/dh.huang.2023/code/cs701/data/checkpoints_phase_9/checkpoint-036.pth
checkpoint:36 - final accuracy:0.971
loaded checkpoint: /common2/dh.huang.2023/code/cs701/data/checkpoints_phase_9/checkpoint-037.pth
checkpoint:37 - final accuracy:0.967
loaded checkpoint: /common2/dh.huang.2023/code/cs701/data/checkpoints_phase_9/checkpoint-038.pth
checkpoint:38 - final accuracy:0.968
loaded checkpoint: /common2/dh.huang.2023/code/cs701/data/checkpoints_phase_9/checkpoint-039.pth
checkpoint:39 - final accuracy:0.974
loaded checkpoint: /common2/dh.huang.2023/code/cs701/data/checkpoints_phase_9/checkpoint-040.pth
checkpoint:40 - final accuracy:0.970
loaded checkpoint: /common2/dh.huang.2023/code/cs701/data/checkpoints_phase_9/checkpoint-041.pth
checkpoint:41 - final accuracy:0.971
loaded checkpoint: /common2/dh.huang.2023/code/cs701/data/checkpoints_phase_9/checkpoint-042.pth
checkpoint:42 - final accuracy:0.975
loaded checkpoint: /common2/dh.huang.2023/code/cs701/data/checkpoints_phase_9/checkpoint-043.pth
checkpoint:43 - final accuracy:0.965
loaded checkpoint: /common2/dh.huang.2023/code/cs701/data/checkpoints_phase_9/checkpoint-044.pth
checkpoint:44 - final accuracy:0.968
loaded checkpoint: /common2/dh.huang.2023/code/cs701/data/checkpoints_phase_9/checkpoint-045.pth
checkpoint:45 - final accuracy:0.970
loaded checkpoint: /common2/dh.huang.2023/code/cs701/data/checkpoints_phase_9/checkpoint-046.pth
checkpoint:46 - final accuracy:0.970
loaded checkpoint: /common2/dh.huang.2023/code/cs701/data/checkpoints_phase_9/checkpoint-047.pth
checkpoint:47 - final accuracy:0.972
loaded checkpoint: /common2/dh.huang.2023/code/cs701/data/checkpoints_phase_9/checkpoint-048.pth
checkpoint:48 - final accuracy:0.968
loaded checkpoint: /common2/dh.huang.2023/code/cs701/data/checkpoints_phase_9/checkpoint-049.pth
checkpoint:49 - final accuracy:0.971
*** phase: 9 epoch:42 - top accuracy:0.975
loaded checkpoint: /common2/dh.huang.2023/code/cs701/data/checkpoints_phase_9/checkpoint-042.pth
saved results to file: results/result_9.txt
Phase 10, Epoch 0, Loss: 2.479334442188285
saved checkpoint: /common2/dh.huang.2023/code/cs701/data/checkpoints_phase_10/checkpoint-000.pth
Phase 10, Epoch 1, Loss: 0.7918563312188739
saved checkpoint: /common2/dh.huang.2023/code/cs701/data/checkpoints_phase_10/checkpoint-001.pth
Phase 10, Epoch 2, Loss: 0.49529399871826174
saved checkpoint: /common2/dh.huang.2023/code/cs701/data/checkpoints_phase_10/checkpoint-002.pth
Phase 10, Epoch 3, Loss: 0.3629274534352253
saved checkpoint: /common2/dh.huang.2023/code/cs701/data/checkpoints_phase_10/checkpoint-003.pth
Phase 10, Epoch 4, Loss: 0.29913141751565
saved checkpoint: /common2/dh.huang.2023/code/cs701/data/checkpoints_phase_10/checkpoint-004.pth
Phase 10, Epoch 5, Loss: 0.27276579958166003
saved checkpoint: /common2/dh.huang.2023/code/cs701/data/checkpoints_phase_10/checkpoint-005.pth
Phase 10, Epoch 6, Loss: 0.24693945251792843
saved checkpoint: /common2/dh.huang.2023/code/cs701/data/checkpoints_phase_10/checkpoint-006.pth
Phase 10, Epoch 7, Loss: 0.18925455574355374
saved checkpoint: /common2/dh.huang.2023/code/cs701/data/checkpoints_phase_10/checkpoint-007.pth
Phase 10, Epoch 8, Loss: 0.19526421169325106
saved checkpoint: /common2/dh.huang.2023/code/cs701/data/checkpoints_phase_10/checkpoint-008.pth
Phase 10, Epoch 9, Loss: 0.18022889543130907
saved checkpoint: /common2/dh.huang.2023/code/cs701/data/checkpoints_phase_10/checkpoint-009.pth
Phase 10, Epoch 10, Loss: 0.18412232707346105
saved checkpoint: /common2/dh.huang.2023/code/cs701/data/checkpoints_phase_10/checkpoint-010.pth
Phase 10, Epoch 11, Loss: 0.17944430235148853
saved checkpoint: /common2/dh.huang.2023/code/cs701/data/checkpoints_phase_10/checkpoint-011.pth
Phase 10, Epoch 12, Loss: 0.1791226333104117
saved checkpoint: /common2/dh.huang.2023/code/cs701/data/checkpoints_phase_10/checkpoint-012.pth
Phase 10, Epoch 13, Loss: 0.16811741432013538
saved checkpoint: /common2/dh.huang.2023/code/cs701/data/checkpoints_phase_10/checkpoint-013.pth
Phase 10, Epoch 14, Loss: 0.17145888108566318
saved checkpoint: /common2/dh.huang.2023/code/cs701/data/checkpoints_phase_10/checkpoint-014.pth
Phase 10, Epoch 15, Loss: 0.1651669628875104
saved checkpoint: /common2/dh.huang.2023/code/cs701/data/checkpoints_phase_10/checkpoint-015.pth
Phase 10, Epoch 16, Loss: 0.16755700345673313
saved checkpoint: /common2/dh.huang.2023/code/cs701/data/checkpoints_phase_10/checkpoint-016.pth
Phase 10, Epoch 17, Loss: 0.17011923435106444
saved checkpoint: /common2/dh.huang.2023/code/cs701/data/checkpoints_phase_10/checkpoint-017.pth
Phase 10, Epoch 18, Loss: 0.16808926007478914
saved checkpoint: /common2/dh.huang.2023/code/cs701/data/checkpoints_phase_10/checkpoint-018.pth
Phase 10, Epoch 19, Loss: 0.15490048314966906
saved checkpoint: /common2/dh.huang.2023/code/cs701/data/checkpoints_phase_10/checkpoint-019.pth
Phase 10, Epoch 20, Loss: 0.1592002943072016
saved checkpoint: /common2/dh.huang.2023/code/cs701/data/checkpoints_phase_10/checkpoint-020.pth
Phase 10, Epoch 21, Loss: 0.17081954344848677
saved checkpoint: /common2/dh.huang.2023/code/cs701/data/checkpoints_phase_10/checkpoint-021.pth
Phase 10, Epoch 22, Loss: 0.1652186550501454
saved checkpoint: /common2/dh.huang.2023/code/cs701/data/checkpoints_phase_10/checkpoint-022.pth
Phase 10, Epoch 23, Loss: 0.17064745507143825
saved checkpoint: /common2/dh.huang.2023/code/cs701/data/checkpoints_phase_10/checkpoint-023.pth
Phase 10, Epoch 24, Loss: 0.1650060897445403
saved checkpoint: /common2/dh.huang.2023/code/cs701/data/checkpoints_phase_10/checkpoint-024.pth
Phase 10, Epoch 25, Loss: 0.17270312617624425
saved checkpoint: /common2/dh.huang.2023/code/cs701/data/checkpoints_phase_10/checkpoint-025.pth
Phase 10, Epoch 26, Loss: 0.17525173701302854
saved checkpoint: /common2/dh.huang.2023/code/cs701/data/checkpoints_phase_10/checkpoint-026.pth
Phase 10, Epoch 27, Loss: 0.15785923717338915
saved checkpoint: /common2/dh.huang.2023/code/cs701/data/checkpoints_phase_10/checkpoint-027.pth
Phase 10, Epoch 28, Loss: 0.1628574203635227
saved checkpoint: /common2/dh.huang.2023/code/cs701/data/checkpoints_phase_10/checkpoint-028.pth
Phase 10, Epoch 29, Loss: 0.16316522792240098
saved checkpoint: /common2/dh.huang.2023/code/cs701/data/checkpoints_phase_10/checkpoint-029.pth
Phase 10, Epoch 30, Loss: 0.17040879045952262
saved checkpoint: /common2/dh.huang.2023/code/cs701/data/checkpoints_phase_10/checkpoint-030.pth
Phase 10, Epoch 31, Loss: 0.16783527004925503
saved checkpoint: /common2/dh.huang.2023/code/cs701/data/checkpoints_phase_10/checkpoint-031.pth
Phase 10, Epoch 32, Loss: 0.16690452429600533
saved checkpoint: /common2/dh.huang.2023/code/cs701/data/checkpoints_phase_10/checkpoint-032.pth
Phase 10, Epoch 33, Loss: 0.15990394357311932
saved checkpoint: /common2/dh.huang.2023/code/cs701/data/checkpoints_phase_10/checkpoint-033.pth
Phase 10, Epoch 34, Loss: 0.17377381767496208
saved checkpoint: /common2/dh.huang.2023/code/cs701/data/checkpoints_phase_10/checkpoint-034.pth
Phase 10, Epoch 35, Loss: 0.16852456973811794
saved checkpoint: /common2/dh.huang.2023/code/cs701/data/checkpoints_phase_10/checkpoint-035.pth
Phase 10, Epoch 36, Loss: 0.17233736453028772
saved checkpoint: /common2/dh.huang.2023/code/cs701/data/checkpoints_phase_10/checkpoint-036.pth
Phase 10, Epoch 37, Loss: 0.16301374465571664
saved checkpoint: /common2/dh.huang.2023/code/cs701/data/checkpoints_phase_10/checkpoint-037.pth
Phase 10, Epoch 38, Loss: 0.16425518786287033
saved checkpoint: /common2/dh.huang.2023/code/cs701/data/checkpoints_phase_10/checkpoint-038.pth
Phase 10, Epoch 39, Loss: 0.16371603633971574
saved checkpoint: /common2/dh.huang.2023/code/cs701/data/checkpoints_phase_10/checkpoint-039.pth
Phase 10, Epoch 40, Loss: 0.1670320999243356
saved checkpoint: /common2/dh.huang.2023/code/cs701/data/checkpoints_phase_10/checkpoint-040.pth
Phase 10, Epoch 41, Loss: 0.16266682959360884
saved checkpoint: /common2/dh.huang.2023/code/cs701/data/checkpoints_phase_10/checkpoint-041.pth
Phase 10, Epoch 42, Loss: 0.1681030491873019
saved checkpoint: /common2/dh.huang.2023/code/cs701/data/checkpoints_phase_10/checkpoint-042.pth
Phase 10, Epoch 43, Loss: 0.16260249935133608
saved checkpoint: /common2/dh.huang.2023/code/cs701/data/checkpoints_phase_10/checkpoint-043.pth
Phase 10, Epoch 44, Loss: 0.16989985435684293
saved checkpoint: /common2/dh.huang.2023/code/cs701/data/checkpoints_phase_10/checkpoint-044.pth
Phase 10, Epoch 45, Loss: 0.16690118919218205
saved checkpoint: /common2/dh.huang.2023/code/cs701/data/checkpoints_phase_10/checkpoint-045.pth
Phase 10, Epoch 46, Loss: 0.1753371606844698
saved checkpoint: /common2/dh.huang.2023/code/cs701/data/checkpoints_phase_10/checkpoint-046.pth
Phase 10, Epoch 47, Loss: 0.1751971696498077
saved checkpoint: /common2/dh.huang.2023/code/cs701/data/checkpoints_phase_10/checkpoint-047.pth
Phase 10, Epoch 48, Loss: 0.16620426228797505
saved checkpoint: /common2/dh.huang.2023/code/cs701/data/checkpoints_phase_10/checkpoint-048.pth
Phase 10, Epoch 49, Loss: 0.16107822658354148
saved checkpoint: /common2/dh.huang.2023/code/cs701/data/checkpoints_phase_10/checkpoint-049.pth
loaded checkpoint: /common2/dh.huang.2023/code/cs701/data/checkpoints_phase_10/checkpoint-000.pth
checkpoint: 0 - final accuracy:0.813
loaded checkpoint: /common2/dh.huang.2023/code/cs701/data/checkpoints_phase_10/checkpoint-001.pth
checkpoint: 1 - final accuracy:0.859
loaded checkpoint: /common2/dh.huang.2023/code/cs701/data/checkpoints_phase_10/checkpoint-002.pth
checkpoint: 2 - final accuracy:0.906
loaded checkpoint: /common2/dh.huang.2023/code/cs701/data/checkpoints_phase_10/checkpoint-003.pth
checkpoint: 3 - final accuracy:0.922
loaded checkpoint: /common2/dh.huang.2023/code/cs701/data/checkpoints_phase_10/checkpoint-004.pth
checkpoint: 4 - final accuracy:0.928
loaded checkpoint: /common2/dh.huang.2023/code/cs701/data/checkpoints_phase_10/checkpoint-005.pth
checkpoint: 5 - final accuracy:0.924
loaded checkpoint: /common2/dh.huang.2023/code/cs701/data/checkpoints_phase_10/checkpoint-006.pth
checkpoint: 6 - final accuracy:0.938
loaded checkpoint: /common2/dh.huang.2023/code/cs701/data/checkpoints_phase_10/checkpoint-007.pth
checkpoint: 7 - final accuracy:0.946
loaded checkpoint: /common2/dh.huang.2023/code/cs701/data/checkpoints_phase_10/checkpoint-008.pth
checkpoint: 8 - final accuracy:0.949
loaded checkpoint: /common2/dh.huang.2023/code/cs701/data/checkpoints_phase_10/checkpoint-009.pth
checkpoint: 9 - final accuracy:0.948
loaded checkpoint: /common2/dh.huang.2023/code/cs701/data/checkpoints_phase_10/checkpoint-010.pth
checkpoint:10 - final accuracy:0.954
loaded checkpoint: /common2/dh.huang.2023/code/cs701/data/checkpoints_phase_10/checkpoint-011.pth
checkpoint:11 - final accuracy:0.953
loaded checkpoint: /common2/dh.huang.2023/code/cs701/data/checkpoints_phase_10/checkpoint-012.pth
checkpoint:12 - final accuracy:0.956
loaded checkpoint: /common2/dh.huang.2023/code/cs701/data/checkpoints_phase_10/checkpoint-013.pth
checkpoint:13 - final accuracy:0.955
loaded checkpoint: /common2/dh.huang.2023/code/cs701/data/checkpoints_phase_10/checkpoint-014.pth
checkpoint:14 - final accuracy:0.956
loaded checkpoint: /common2/dh.huang.2023/code/cs701/data/checkpoints_phase_10/checkpoint-015.pth
checkpoint:15 - final accuracy:0.955
loaded checkpoint: /common2/dh.huang.2023/code/cs701/data/checkpoints_phase_10/checkpoint-016.pth
checkpoint:16 - final accuracy:0.956
loaded checkpoint: /common2/dh.huang.2023/code/cs701/data/checkpoints_phase_10/checkpoint-017.pth
checkpoint:17 - final accuracy:0.957
loaded checkpoint: /common2/dh.huang.2023/code/cs701/data/checkpoints_phase_10/checkpoint-018.pth
checkpoint:18 - final accuracy:0.954
loaded checkpoint: /common2/dh.huang.2023/code/cs701/data/checkpoints_phase_10/checkpoint-019.pth
checkpoint:19 - final accuracy:0.956
loaded checkpoint: /common2/dh.huang.2023/code/cs701/data/checkpoints_phase_10/checkpoint-020.pth
checkpoint:20 - final accuracy:0.949
loaded checkpoint: /common2/dh.huang.2023/code/cs701/data/checkpoints_phase_10/checkpoint-021.pth
checkpoint:21 - final accuracy:0.957
loaded checkpoint: /common2/dh.huang.2023/code/cs701/data/checkpoints_phase_10/checkpoint-022.pth
checkpoint:22 - final accuracy:0.957
loaded checkpoint: /common2/dh.huang.2023/code/cs701/data/checkpoints_phase_10/checkpoint-023.pth
checkpoint:23 - final accuracy:0.955
loaded checkpoint: /common2/dh.huang.2023/code/cs701/data/checkpoints_phase_10/checkpoint-024.pth
checkpoint:24 - final accuracy:0.956
loaded checkpoint: /common2/dh.huang.2023/code/cs701/data/checkpoints_phase_10/checkpoint-025.pth
checkpoint:25 - final accuracy:0.953
loaded checkpoint: /common2/dh.huang.2023/code/cs701/data/checkpoints_phase_10/checkpoint-026.pth
checkpoint:26 - final accuracy:0.962
loaded checkpoint: /common2/dh.huang.2023/code/cs701/data/checkpoints_phase_10/checkpoint-027.pth
checkpoint:27 - final accuracy:0.953
loaded checkpoint: /common2/dh.huang.2023/code/cs701/data/checkpoints_phase_10/checkpoint-028.pth
checkpoint:28 - final accuracy:0.959
loaded checkpoint: /common2/dh.huang.2023/code/cs701/data/checkpoints_phase_10/checkpoint-029.pth
checkpoint:29 - final accuracy:0.961
loaded checkpoint: /common2/dh.huang.2023/code/cs701/data/checkpoints_phase_10/checkpoint-030.pth
checkpoint:30 - final accuracy:0.961
loaded checkpoint: /common2/dh.huang.2023/code/cs701/data/checkpoints_phase_10/checkpoint-031.pth
checkpoint:31 - final accuracy:0.952
loaded checkpoint: /common2/dh.huang.2023/code/cs701/data/checkpoints_phase_10/checkpoint-032.pth
checkpoint:32 - final accuracy:0.959
loaded checkpoint: /common2/dh.huang.2023/code/cs701/data/checkpoints_phase_10/checkpoint-033.pth
checkpoint:33 - final accuracy:0.957
loaded checkpoint: /common2/dh.huang.2023/code/cs701/data/checkpoints_phase_10/checkpoint-034.pth
checkpoint:34 - final accuracy:0.952
loaded checkpoint: /common2/dh.huang.2023/code/cs701/data/checkpoints_phase_10/checkpoint-035.pth
checkpoint:35 - final accuracy:0.957
loaded checkpoint: /common2/dh.huang.2023/code/cs701/data/checkpoints_phase_10/checkpoint-036.pth
checkpoint:36 - final accuracy:0.953
loaded checkpoint: /common2/dh.huang.2023/code/cs701/data/checkpoints_phase_10/checkpoint-037.pth
checkpoint:37 - final accuracy:0.954
loaded checkpoint: /common2/dh.huang.2023/code/cs701/data/checkpoints_phase_10/checkpoint-038.pth
checkpoint:38 - final accuracy:0.957
loaded checkpoint: /common2/dh.huang.2023/code/cs701/data/checkpoints_phase_10/checkpoint-039.pth
checkpoint:39 - final accuracy:0.956
loaded checkpoint: /common2/dh.huang.2023/code/cs701/data/checkpoints_phase_10/checkpoint-040.pth
checkpoint:40 - final accuracy:0.954
loaded checkpoint: /common2/dh.huang.2023/code/cs701/data/checkpoints_phase_10/checkpoint-041.pth
checkpoint:41 - final accuracy:0.954
loaded checkpoint: /common2/dh.huang.2023/code/cs701/data/checkpoints_phase_10/checkpoint-042.pth
checkpoint:42 - final accuracy:0.953
loaded checkpoint: /common2/dh.huang.2023/code/cs701/data/checkpoints_phase_10/checkpoint-043.pth
checkpoint:43 - final accuracy:0.957
loaded checkpoint: /common2/dh.huang.2023/code/cs701/data/checkpoints_phase_10/checkpoint-044.pth
checkpoint:44 - final accuracy:0.955
loaded checkpoint: /common2/dh.huang.2023/code/cs701/data/checkpoints_phase_10/checkpoint-045.pth
checkpoint:45 - final accuracy:0.958
loaded checkpoint: /common2/dh.huang.2023/code/cs701/data/checkpoints_phase_10/checkpoint-046.pth
checkpoint:46 - final accuracy:0.954
loaded checkpoint: /common2/dh.huang.2023/code/cs701/data/checkpoints_phase_10/checkpoint-047.pth
checkpoint:47 - final accuracy:0.956
loaded checkpoint: /common2/dh.huang.2023/code/cs701/data/checkpoints_phase_10/checkpoint-048.pth
checkpoint:48 - final accuracy:0.955
loaded checkpoint: /common2/dh.huang.2023/code/cs701/data/checkpoints_phase_10/checkpoint-049.pth
checkpoint:49 - final accuracy:0.951
*** phase:10 epoch:26 - top accuracy:0.962
loaded checkpoint: /common2/dh.huang.2023/code/cs701/data/checkpoints_phase_10/checkpoint-026.pth
saved results to file: results/result_10.txt
Job ID: 31104
Cluster: crimson
User/Group: dh.huang.2023/dh.huang.2023
State: COMPLETED (exit code 0)
Nodes: 1
Cores per node: 10
CPU Utilized: 17:43:43
CPU Efficiency: 99.27% of 17:51:30 core-walltime
Job Wall-clock time: 01:47:09
Memory Utilized: 1.00 GB
Memory Efficiency: 1.57% of 64.00 GB
